2025-03-15 06:28:09 [main] INFO  com.sb.auto.OrangeHRMSpringBootAutomation.qa.RegisterTest - Starting RegisterTest using Java 17.0.13 with PID 16332 (D:\Niraj\Work\Spring Boot UI API Automation\OrangeHRMSpringBootAutomation\target\test-classes started by niraj in D:\Niraj\Work\Spring Boot UI API Automation\OrangeHRMSpringBootAutomation)
2025-03-15 06:28:10 [main] INFO  com.sb.auto.OrangeHRMSpringBootAutomation.qa.RegisterTest - No active profile set, falling back to 1 default profile: "default"
2025-03-15 06:28:12 [main] ERROR org.aspectj.weaver.loadtime.Aj - org/springframework/boot/jdbc/DataSourceBuilder$OraclePoolDataSourceProperties
org.aspectj.bridge.AbortException: trouble in: 
class org.springframework.boot.jdbc.DataSourceBuilder$OraclePoolDataSourceProperties extends org.springframework.boot.jdbc.DataSourceBuilder$MappedDataSourceProperties:
  public Class getDataSourceInstanceType():
                    LDC oracle.ucp.jdbc.PoolDataSourceImpl   (line 661)
                    ARETURN
  end public Class getDataSourceInstanceType()

  void <init>():
                    ALOAD_0     // Lorg/springframework/boot/jdbc/DataSourceBuilder$OraclePoolDataSourceProperties; this   (line 664)
                    INVOKESPECIAL org.springframework.boot.jdbc.DataSourceBuilder$MappedDataSourceProperties.<init> ()V
                    ALOAD_0     // Lorg/springframework/boot/jdbc/DataSourceBuilder$OraclePoolDataSourceProperties; this   (line 665)
                    GETSTATIC org.springframework.boot.jdbc.DataSourceBuilder$DataSourceProperty.URL Lorg/springframework/boot/jdbc/DataSourceBuilder$DataSourceProperty;
                    INVOKEDYNAMIC #0.get ()Lorg/springframework/boot/jdbc/DataSourceBuilder$Getter;
                    INVOKEDYNAMIC #1.set ()Lorg/springframework/boot/jdbc/DataSourceBuilder$Setter;
                    INVOKEVIRTUAL org.springframework.boot.jdbc.DataSourceBuilder$OraclePoolDataSourceProperties.add (Lorg/springframework/boot/jdbc/DataSourceBuilder$DataSourceProperty;Lorg/springframework/boot/jdbc/DataSourceBuilder$Getter;Lorg/springframework/boot/jdbc/DataSourceBuilder$Setter;)V
                    ALOAD_0     // Lorg/springframework/boot/jdbc/DataSourceBuilder$OraclePoolDataSourceProperties; this   (line 666)
                    GETSTATIC org.springframework.boot.jdbc.DataSourceBuilder$DataSourceProperty.DRIVER_CLASS_NAME Lorg/springframework/boot/jdbc/DataSourceBuilder$DataSourceProperty;
                    INVOKEDYNAMIC #2.get ()Lorg/springframework/boot/jdbc/DataSourceBuilder$Getter;
                    INVOKEDYNAMIC #3.set ()Lorg/springframework/boot/jdbc/DataSourceBuilder$Setter;
                    INVOKEVIRTUAL org.springframework.boot.jdbc.DataSourceBuilder$OraclePoolDataSourceProperties.add (Lorg/springframework/boot/jdbc/DataSourceBuilder$DataSourceProperty;Lorg/springframework/boot/jdbc/DataSourceBuilder$Getter;Lorg/springframework/boot/jdbc/DataSourceBuilder$Setter;)V
                    ALOAD_0     // Lorg/springframework/boot/jdbc/DataSourceBuilder$OraclePoolDataSourceProperties; this   (line 668)
                    GETSTATIC org.springframework.boot.jdbc.DataSourceBuilder$DataSourceProperty.USERNAME Lorg/springframework/boot/jdbc/DataSourceBuilder$DataSourceProperty;
                    INVOKEDYNAMIC #4.get ()Lorg/springframework/boot/jdbc/DataSourceBuilder$Getter;
                    INVOKEDYNAMIC #5.set ()Lorg/springframework/boot/jdbc/DataSourceBuilder$Setter;
                    INVOKEVIRTUAL org.springframework.boot.jdbc.DataSourceBuilder$OraclePoolDataSourceProperties.add (Lorg/springframework/boot/jdbc/DataSourceBuilder$DataSourceProperty;Lorg/springframework/boot/jdbc/DataSourceBuilder$Getter;Lorg/springframework/boot/jdbc/DataSourceBuilder$Setter;)V
                    ALOAD_0     // Lorg/springframework/boot/jdbc/DataSourceBuilder$OraclePoolDataSourceProperties; this   (line 669)
                    GETSTATIC org.springframework.boot.jdbc.DataSourceBuilder$DataSourceProperty.PASSWORD Lorg/springframework/boot/jdbc/DataSourceBuilder$DataSourceProperty;
                    ACONST_NULL
                    INVOKEDYNAMIC #6.set ()Lorg/springframework/boot/jdbc/DataSourceBuilder$Setter;
                    INVOKEVIRTUAL org.springframework.boot.jdbc.DataSourceBuilder$OraclePoolDataSourceProperties.add (Lorg/springframework/boot/jdbc/DataSourceBuilder$DataSourceProperty;Lorg/springframework/boot/jdbc/DataSourceBuilder$Getter;Lorg/springframework/boot/jdbc/DataSourceBuilder$Setter;)V
                    RETURN   (line 670)
  end void <init>()

end class org.springframework.boot.jdbc.DataSourceBuilder$OraclePoolDataSourceProperties

	at org.aspectj.bridge.MessageWriter.handleMessage(MessageWriter.java:47) ~[aspectjweaver-1.9.20.1.jar:?]
	at org.aspectj.weaver.tools.WeavingAdaptor$WeavingAdaptorMessageWriter.handleMessage(WeavingAdaptor.java:817) ~[aspectjweaver-1.9.20.1.jar:?]
	at org.aspectj.weaver.tools.WeavingAdaptor$WeavingAdaptorMessageHolder.handleMessage(WeavingAdaptor.java:762) ~[aspectjweaver-1.9.20.1.jar:?]
	at org.aspectj.weaver.bcel.BcelWeaver.weave(BcelWeaver.java:1732) ~[aspectjweaver-1.9.20.1.jar:?]
	at org.aspectj.weaver.bcel.BcelWeaver.weaveWithoutDump(BcelWeaver.java:1650) ~[aspectjweaver-1.9.20.1.jar:?]
	at org.aspectj.weaver.bcel.BcelWeaver.weaveAndNotify(BcelWeaver.java:1417) ~[aspectjweaver-1.9.20.1.jar:?]
	at org.aspectj.weaver.bcel.BcelWeaver.weave(BcelWeaver.java:1192) ~[aspectjweaver-1.9.20.1.jar:?]
	at org.aspectj.weaver.tools.WeavingAdaptor.getWovenBytes(WeavingAdaptor.java:549) ~[aspectjweaver-1.9.20.1.jar:?]
	at org.aspectj.weaver.tools.WeavingAdaptor.weaveClass(WeavingAdaptor.java:385) ~[aspectjweaver-1.9.20.1.jar:?]
	at org.aspectj.weaver.loadtime.Aj.preProcess(Aj.java:116) ~[aspectjweaver-1.9.20.1.jar:?]
	at org.aspectj.weaver.loadtime.ClassPreProcessorAgentAdapter.transform(ClassPreProcessorAgentAdapter.java:51) ~[aspectjweaver-1.9.20.1.jar:?]
	at java.instrument/java.lang.instrument.ClassFileTransformer.transform(ClassFileTransformer.java:244) ~[?:?]
	at java.instrument/sun.instrument.TransformerManager.transform(TransformerManager.java:188) ~[?:?]
	at java.instrument/sun.instrument.InstrumentationImpl.transform(InstrumentationImpl.java:541) ~[?:?]
	at java.base/java.lang.ClassLoader.defineClass1(Native Method) ~[?:?]
	at java.base/java.lang.ClassLoader.defineClass(ClassLoader.java:1017) ~[?:?]
	at java.base/java.security.SecureClassLoader.defineClass(SecureClassLoader.java:150) ~[?:?]
	at java.base/jdk.internal.loader.BuiltinClassLoader.defineClass(BuiltinClassLoader.java:862) ~[?:?]
	at java.base/jdk.internal.loader.BuiltinClassLoader.findClassOnClassPathOrNull(BuiltinClassLoader.java:760) ~[?:?]
	at java.base/jdk.internal.loader.BuiltinClassLoader.loadClassOrNull(BuiltinClassLoader.java:681) ~[?:?]
	at java.base/jdk.internal.loader.BuiltinClassLoader.loadClass(BuiltinClassLoader.java:639) ~[?:?]
	at java.base/jdk.internal.loader.ClassLoaders$AppClassLoader.loadClass(ClassLoaders.java:188) ~[?:?]
	at java.base/java.lang.ClassLoader.loadClass(ClassLoader.java:525) ~[?:?]
	at org.springframework.boot.jdbc.DataSourceBuilder$MappedDataSourceProperties.lookupPooled(DataSourceBuilder.java:411) ~[spring-boot-3.4.3.jar:3.4.3]
	at org.springframework.boot.jdbc.DataSourceBuilder$MappedDataSourceProperties.forType(DataSourceBuilder.java:395) ~[spring-boot-3.4.3.jar:3.4.3]
	at org.springframework.boot.jdbc.DataSourceBuilder.findType(DataSourceBuilder.java:267) ~[spring-boot-3.4.3.jar:3.4.3]
	at org.springframework.boot.autoconfigure.jdbc.DataSourceAutoConfiguration$PooledDataSourceAvailableCondition.getMatchOutcome(DataSourceAutoConfiguration.java:118) ~[spring-boot-autoconfigure-3.4.3.jar:3.4.3]
	at org.springframework.boot.autoconfigure.condition.AbstractNestedCondition$MemberOutcomes.getConditionOutcome(AbstractNestedCondition.java:195) ~[spring-boot-autoconfigure-3.4.3.jar:3.4.3]
	at org.springframework.boot.autoconfigure.condition.AbstractNestedCondition$MemberOutcomes.<init>(AbstractNestedCondition.java:189) ~[spring-boot-autoconfigure-3.4.3.jar:3.4.3]
	at org.springframework.boot.autoconfigure.condition.AbstractNestedCondition$MemberConditions.lambda$getMatchOutcomes$0(AbstractNestedCondition.java:169) ~[spring-boot-autoconfigure-3.4.3.jar:3.4.3]
	at java.base/java.util.LinkedHashMap.forEach(LinkedHashMap.java:721) ~[?:?]
	at org.springframework.util.MultiValueMapAdapter.forEach(MultiValueMapAdapter.java:179) ~[spring-core-6.2.3.jar:6.2.3]
	at java.base/java.util.Collections$UnmodifiableMap.forEach(Collections.java:1553) ~[?:?]
	at org.springframework.boot.autoconfigure.condition.AbstractNestedCondition$MemberConditions.getMatchOutcomes(AbstractNestedCondition.java:169) ~[spring-boot-autoconfigure-3.4.3.jar:3.4.3]
	at org.springframework.boot.autoconfigure.condition.AbstractNestedCondition$MemberMatchOutcomes.<init>(AbstractNestedCondition.java:78) ~[spring-boot-autoconfigure-3.4.3.jar:3.4.3]
	at org.springframework.boot.autoconfigure.condition.AbstractNestedCondition.getMatchOutcome(AbstractNestedCondition.java:63) ~[spring-boot-autoconfigure-3.4.3.jar:3.4.3]
	at org.springframework.boot.autoconfigure.condition.SpringBootCondition.matches(SpringBootCondition.java:47) ~[spring-boot-autoconfigure-3.4.3.jar:3.4.3]
	at org.springframework.context.annotation.ConditionEvaluator.shouldSkip(ConditionEvaluator.java:99) ~[spring-context-6.2.3.jar:6.2.3]
	at org.springframework.context.annotation.ConfigurationClassParser.processConfigurationClass(ConfigurationClassParser.java:233) ~[spring-context-6.2.3.jar:6.2.3]
	at org.springframework.context.annotation.ConfigurationClassParser.processMemberClasses(ConfigurationClassParser.java:413) ~[spring-context-6.2.3.jar:6.2.3]
	at org.springframework.context.annotation.ConfigurationClassParser.doProcessConfigurationClass(ConfigurationClassParser.java:294) ~[spring-context-6.2.3.jar:6.2.3]
	at org.springframework.context.annotation.ConfigurationClassParser.processConfigurationClass(ConfigurationClassParser.java:267) ~[spring-context-6.2.3.jar:6.2.3]
	at org.springframework.context.annotation.ConfigurationClassParser.processImports(ConfigurationClassParser.java:603) ~[spring-context-6.2.3.jar:6.2.3]
	at org.springframework.context.annotation.ConfigurationClassParser$DeferredImportSelectorGroupingHandler.lambda$processGroupImports$1(ConfigurationClassParser.java:836) ~[spring-context-6.2.3.jar:6.2.3]
	at java.base/java.lang.Iterable.forEach(Iterable.java:75) ~[?:?]
	at org.springframework.context.annotation.ConfigurationClassParser$DeferredImportSelectorGroupingHandler.processGroupImports(ConfigurationClassParser.java:833) ~[spring-context-6.2.3.jar:6.2.3]
	at org.springframework.context.annotation.ConfigurationClassParser$DeferredImportSelectorHandler.process(ConfigurationClassParser.java:803) ~[spring-context-6.2.3.jar:6.2.3]
	at org.springframework.context.annotation.ConfigurationClassParser.parse(ConfigurationClassParser.java:189) ~[spring-context-6.2.3.jar:6.2.3]
	at org.springframework.context.annotation.ConfigurationClassPostProcessor.processConfigBeanDefinitions(ConfigurationClassPostProcessor.java:418) ~[spring-context-6.2.3.jar:6.2.3]
	at org.springframework.context.annotation.ConfigurationClassPostProcessor.postProcessBeanDefinitionRegistry(ConfigurationClassPostProcessor.java:290) ~[spring-context-6.2.3.jar:6.2.3]
	at org.springframework.context.support.PostProcessorRegistrationDelegate.invokeBeanDefinitionRegistryPostProcessors(PostProcessorRegistrationDelegate.java:349) ~[spring-context-6.2.3.jar:6.2.3]
	at org.springframework.context.support.PostProcessorRegistrationDelegate.invokeBeanFactoryPostProcessors(PostProcessorRegistrationDelegate.java:118) ~[spring-context-6.2.3.jar:6.2.3]
	at org.springframework.context.support.AbstractApplicationContext.invokeBeanFactoryPostProcessors(AbstractApplicationContext.java:791) ~[spring-context-6.2.3.jar:6.2.3]
	at org.springframework.context.support.AbstractApplicationContext.refresh(AbstractApplicationContext.java:609) ~[spring-context-6.2.3.jar:6.2.3]
	at org.springframework.boot.SpringApplication.refresh(SpringApplication.java:752) ~[spring-boot-3.4.3.jar:3.4.3]
	at org.springframework.boot.SpringApplication.refreshContext(SpringApplication.java:439) ~[spring-boot-3.4.3.jar:3.4.3]
	at org.springframework.boot.SpringApplication.run(SpringApplication.java:318) ~[spring-boot-3.4.3.jar:3.4.3]
	at org.springframework.boot.test.context.SpringBootContextLoader.lambda$loadContext$3(SpringBootContextLoader.java:137) ~[spring-boot-test-3.4.3.jar:3.4.3]
	at org.springframework.util.function.ThrowingSupplier.get(ThrowingSupplier.java:58) ~[spring-core-6.2.3.jar:6.2.3]
	at org.springframework.util.function.ThrowingSupplier.get(ThrowingSupplier.java:46) ~[spring-core-6.2.3.jar:6.2.3]
	at org.springframework.boot.SpringApplication.withHook(SpringApplication.java:1461) ~[spring-boot-3.4.3.jar:3.4.3]
	at org.springframework.boot.test.context.SpringBootContextLoader$ContextLoaderHook.run(SpringBootContextLoader.java:553) ~[spring-boot-test-3.4.3.jar:3.4.3]
	at org.springframework.boot.test.context.SpringBootContextLoader.loadContext(SpringBootContextLoader.java:137) ~[spring-boot-test-3.4.3.jar:3.4.3]
	at org.springframework.boot.test.context.SpringBootContextLoader.loadContext(SpringBootContextLoader.java:108) ~[spring-boot-test-3.4.3.jar:3.4.3]
	at org.springframework.test.context.cache.DefaultCacheAwareContextLoaderDelegate.loadContextInternal(DefaultCacheAwareContextLoaderDelegate.java:225) ~[spring-test-6.2.3.jar:6.2.3]
	at org.springframework.test.context.cache.DefaultCacheAwareContextLoaderDelegate.loadContext(DefaultCacheAwareContextLoaderDelegate.java:152) ~[spring-test-6.2.3.jar:6.2.3]
	at org.springframework.test.context.support.DefaultTestContext.getApplicationContext(DefaultTestContext.java:130) ~[spring-test-6.2.3.jar:6.2.3]
	at org.springframework.test.context.support.DependencyInjectionTestExecutionListener.injectDependencies(DependencyInjectionTestExecutionListener.java:155) ~[spring-test-6.2.3.jar:6.2.3]
	at org.springframework.test.context.support.DependencyInjectionTestExecutionListener.prepareTestInstance(DependencyInjectionTestExecutionListener.java:111) ~[spring-test-6.2.3.jar:6.2.3]
	at org.springframework.test.context.TestContextManager.prepareTestInstance(TestContextManager.java:260) ~[spring-test-6.2.3.jar:6.2.3]
	at org.springframework.test.context.testng.AbstractTestNGSpringContextTests.springTestContextPrepareTestInstance(AbstractTestNGSpringContextTests.java:119) ~[spring-test-6.2.3.jar:6.2.3]
	at java.base/jdk.internal.reflect.NativeMethodAccessorImpl.invoke0(Native Method) ~[?:?]
	at java.base/jdk.internal.reflect.NativeMethodAccessorImpl.invoke(NativeMethodAccessorImpl.java:77) ~[?:?]
	at java.base/jdk.internal.reflect.DelegatingMethodAccessorImpl.invoke(DelegatingMethodAccessorImpl.java:43) ~[?:?]
	at java.base/java.lang.reflect.Method.invoke(Method.java:569) ~[?:?]
	at org.testng.internal.invokers.MethodInvocationHelper.invokeMethod(MethodInvocationHelper.java:141) ~[testng-7.11.0.jar:7.11.0]
	at org.testng.internal.invokers.MethodInvocationHelper.invokeMethodConsideringTimeout(MethodInvocationHelper.java:71) ~[testng-7.11.0.jar:7.11.0]
	at org.testng.internal.invokers.ConfigInvoker.invokeConfigurationMethod(ConfigInvoker.java:400) ~[testng-7.11.0.jar:7.11.0]
	at org.testng.internal.invokers.ConfigInvoker.invokeConfigurations(ConfigInvoker.java:333) ~[testng-7.11.0.jar:7.11.0]
	at org.testng.internal.invokers.TestMethodWorker.invokeBeforeClassMethods(TestMethodWorker.java:188) ~[testng-7.11.0.jar:7.11.0]
	at org.testng.internal.invokers.TestMethodWorker.run(TestMethodWorker.java:128) ~[testng-7.11.0.jar:7.11.0]
	at java.base/java.util.ArrayList.forEach(ArrayList.java:1511) [?:?]
	at org.testng.TestRunner.privateRun(TestRunner.java:741) [testng-7.11.0.jar:7.11.0]
	at org.testng.TestRunner.run(TestRunner.java:616) [testng-7.11.0.jar:7.11.0]
	at org.testng.SuiteRunner.runTest(SuiteRunner.java:421) [testng-7.11.0.jar:7.11.0]
	at org.testng.SuiteRunner.runSequentially(SuiteRunner.java:413) [testng-7.11.0.jar:7.11.0]
	at org.testng.SuiteRunner.privateRun(SuiteRunner.java:373) [testng-7.11.0.jar:7.11.0]
	at org.testng.SuiteRunner.run(SuiteRunner.java:312) [testng-7.11.0.jar:7.11.0]
	at org.testng.SuiteRunnerWorker.runSuite(SuiteRunnerWorker.java:52) [testng-7.11.0.jar:7.11.0]
	at org.testng.SuiteRunnerWorker.run(SuiteRunnerWorker.java:95) [testng-7.11.0.jar:7.11.0]
	at org.testng.TestNG.runSuitesSequentially(TestNG.java:1274) [testng-7.11.0.jar:7.11.0]
	at org.testng.TestNG.runSuitesLocally(TestNG.java:1208) [testng-7.11.0.jar:7.11.0]
	at org.testng.TestNG.runSuites(TestNG.java:1112) [testng-7.11.0.jar:7.11.0]
	at org.testng.TestNG.run(TestNG.java:1079) [testng-7.11.0.jar:7.11.0]
	at org.apache.maven.surefire.testng.TestNGExecutor.run(TestNGExecutor.java:308) [surefire-testng-3.5.2.jar:3.5.2]
	at org.apache.maven.surefire.testng.TestNGXmlTestSuite.execute(TestNGXmlTestSuite.java:71) [surefire-testng-3.5.2.jar:3.5.2]
	at org.apache.maven.surefire.testng.TestNGProvider.invoke(TestNGProvider.java:113) [surefire-testng-3.5.2.jar:3.5.2]
	at org.apache.maven.surefire.booter.ForkedBooter.runSuitesInProcess(ForkedBooter.java:385) [surefire-booter-3.5.2.jar:3.5.2]
	at org.apache.maven.surefire.booter.ForkedBooter.execute(ForkedBooter.java:162) [surefire-booter-3.5.2.jar:3.5.2]
	at org.apache.maven.surefire.booter.ForkedBooter.run(ForkedBooter.java:507) [surefire-booter-3.5.2.jar:3.5.2]
	at org.apache.maven.surefire.booter.ForkedBooter.main(ForkedBooter.java:495) [surefire-booter-3.5.2.jar:3.5.2]
2025-03-15 06:28:12 [main] INFO  org.aspectj.weaver.Dump - Dumping to D:\Niraj\Work\Spring Boot UI API Automation\OrangeHRMSpringBootAutomation\.\ajcore.20250315.062812.671.txt
2025-03-15 06:28:13 [main] ERROR org.aspectj.weaver.loadtime.Aj - org/springframework/boot/jdbc/DataSourceBuilder$ComboPooledDataSourceProperties
org.aspectj.bridge.AbortException: trouble in: 
class org.springframework.boot.jdbc.DataSourceBuilder$ComboPooledDataSourceProperties extends org.springframework.boot.jdbc.DataSourceBuilder$MappedDataSourceProperties:
  void <init>():
                    ALOAD_0     // Lorg/springframework/boot/jdbc/DataSourceBuilder$ComboPooledDataSourceProperties; this   (line 679)
                    INVOKESPECIAL org.springframework.boot.jdbc.DataSourceBuilder$MappedDataSourceProperties.<init> ()V
    constructor-execution(void org.springframework.boot.jdbc.DataSourceBuilder$ComboPooledDataSourceProperties.<init>())
    |               ALOAD_0     // Lorg/springframework/boot/jdbc/DataSourceBuilder$ComboPooledDataSourceProperties; this   (line 680)
    |               GETSTATIC org.springframework.boot.jdbc.DataSourceBuilder$DataSourceProperty.URL Lorg/springframework/boot/jdbc/DataSourceBuilder$DataSourceProperty;
    |               INVOKEDYNAMIC #0.get ()Lorg/springframework/boot/jdbc/DataSourceBuilder$Getter;
    |               INVOKEDYNAMIC #1.set ()Lorg/springframework/boot/jdbc/DataSourceBuilder$Setter;
    |               INVOKEVIRTUAL org.springframework.boot.jdbc.DataSourceBuilder$ComboPooledDataSourceProperties.add (Lorg/springframework/boot/jdbc/DataSourceBuilder$DataSourceProperty;Lorg/springframework/boot/jdbc/DataSourceBuilder$Getter;Lorg/springframework/boot/jdbc/DataSourceBuilder$Setter;)V
    |               ALOAD_0     // Lorg/springframework/boot/jdbc/DataSourceBuilder$ComboPooledDataSourceProperties; this   (line 681)
    |               GETSTATIC org.springframework.boot.jdbc.DataSourceBuilder$DataSourceProperty.DRIVER_CLASS_NAME Lorg/springframework/boot/jdbc/DataSourceBuilder$DataSourceProperty;
    |               INVOKEDYNAMIC #2.get ()Lorg/springframework/boot/jdbc/DataSourceBuilder$Getter;
    |               ALOAD_0     // Lorg/springframework/boot/jdbc/DataSourceBuilder$ComboPooledDataSourceProperties; this
    |               INVOKEDYNAMIC #3.set (Lorg/springframework/boot/jdbc/DataSourceBuilder$ComboPooledDataSourceProperties;)Lorg/springframework/boot/jdbc/DataSourceBuilder$Setter;
    |               INVOKEVIRTUAL org.springframework.boot.jdbc.DataSourceBuilder$ComboPooledDataSourceProperties.add (Lorg/springframework/boot/jdbc/DataSourceBuilder$DataSourceProperty;Lorg/springframework/boot/jdbc/DataSourceBuilder$Getter;Lorg/springframework/boot/jdbc/DataSourceBuilder$Setter;)V
    |               ALOAD_0     // Lorg/springframework/boot/jdbc/DataSourceBuilder$ComboPooledDataSourceProperties; this   (line 682)
    |               GETSTATIC org.springframework.boot.jdbc.DataSourceBuilder$DataSourceProperty.USERNAME Lorg/springframework/boot/jdbc/DataSourceBuilder$DataSourceProperty;
    |               INVOKEDYNAMIC #4.get ()Lorg/springframework/boot/jdbc/DataSourceBuilder$Getter;
    |               INVOKEDYNAMIC #5.set ()Lorg/springframework/boot/jdbc/DataSourceBuilder$Setter;
    |               INVOKEVIRTUAL org.springframework.boot.jdbc.DataSourceBuilder$ComboPooledDataSourceProperties.add (Lorg/springframework/boot/jdbc/DataSourceBuilder$DataSourceProperty;Lorg/springframework/boot/jdbc/DataSourceBuilder$Getter;Lorg/springframework/boot/jdbc/DataSourceBuilder$Setter;)V
    |               ALOAD_0     // Lorg/springframework/boot/jdbc/DataSourceBuilder$ComboPooledDataSourceProperties; this   (line 683)
    |               GETSTATIC org.springframework.boot.jdbc.DataSourceBuilder$DataSourceProperty.PASSWORD Lorg/springframework/boot/jdbc/DataSourceBuilder$DataSourceProperty;
    |               INVOKEDYNAMIC #6.get ()Lorg/springframework/boot/jdbc/DataSourceBuilder$Getter;
    |               INVOKEDYNAMIC #7.set ()Lorg/springframework/boot/jdbc/DataSourceBuilder$Setter;
    |               INVOKEVIRTUAL org.springframework.boot.jdbc.DataSourceBuilder$ComboPooledDataSourceProperties.add (Lorg/springframework/boot/jdbc/DataSourceBuilder$DataSourceProperty;Lorg/springframework/boot/jdbc/DataSourceBuilder$Getter;Lorg/springframework/boot/jdbc/DataSourceBuilder$Setter;)V
    |               RETURN   (line 684)
    constructor-execution(void org.springframework.boot.jdbc.DataSourceBuilder$ComboPooledDataSourceProperties.<init>())
  end void <init>()

  private void setDriverClass(com.mchange.v2.c3p0.ComboPooledDataSource, String):
    catch java.beans.PropertyVetoException -> E0
    |               ALOAD_1     // Lcom/mchange/v2/c3p0/ComboPooledDataSource; dataSource   (line 688)
    |               ALOAD_2     // Ljava/lang/String; driverClass
    |               INVOKEVIRTUAL com.mchange.v2.c3p0.ComboPooledDataSource.setDriverClass (Ljava/lang/String;)V
    catch java.beans.PropertyVetoException -> E0
                    GOTO L0   (line 692)
                E0: ASTORE_3   (line 690)
                    NEW java.lang.IllegalArgumentException   (line 691)
                    DUP
                    ALOAD_3     // Ljava/beans/PropertyVetoException; ex
                    INVOKESPECIAL java.lang.IllegalArgumentException.<init> (Ljava/lang/Throwable;)V
                    ATHROW
                L0: RETURN   (line 693)
  end private void setDriverClass(com.mchange.v2.c3p0.ComboPooledDataSource, String)

end class org.springframework.boot.jdbc.DataSourceBuilder$ComboPooledDataSourceProperties

	at org.aspectj.bridge.MessageWriter.handleMessage(MessageWriter.java:47) ~[aspectjweaver-1.9.20.1.jar:?]
	at org.aspectj.weaver.tools.WeavingAdaptor$WeavingAdaptorMessageWriter.handleMessage(WeavingAdaptor.java:817) ~[aspectjweaver-1.9.20.1.jar:?]
	at org.aspectj.weaver.tools.WeavingAdaptor$WeavingAdaptorMessageHolder.handleMessage(WeavingAdaptor.java:762) ~[aspectjweaver-1.9.20.1.jar:?]
	at org.aspectj.weaver.bcel.BcelWeaver.weave(BcelWeaver.java:1732) ~[aspectjweaver-1.9.20.1.jar:?]
	at org.aspectj.weaver.bcel.BcelWeaver.weaveWithoutDump(BcelWeaver.java:1650) ~[aspectjweaver-1.9.20.1.jar:?]
	at org.aspectj.weaver.bcel.BcelWeaver.weaveAndNotify(BcelWeaver.java:1417) ~[aspectjweaver-1.9.20.1.jar:?]
	at org.aspectj.weaver.bcel.BcelWeaver.weave(BcelWeaver.java:1192) ~[aspectjweaver-1.9.20.1.jar:?]
	at org.aspectj.weaver.tools.WeavingAdaptor.getWovenBytes(WeavingAdaptor.java:549) ~[aspectjweaver-1.9.20.1.jar:?]
	at org.aspectj.weaver.tools.WeavingAdaptor.weaveClass(WeavingAdaptor.java:385) ~[aspectjweaver-1.9.20.1.jar:?]
	at org.aspectj.weaver.loadtime.Aj.preProcess(Aj.java:116) ~[aspectjweaver-1.9.20.1.jar:?]
	at org.aspectj.weaver.loadtime.ClassPreProcessorAgentAdapter.transform(ClassPreProcessorAgentAdapter.java:51) ~[aspectjweaver-1.9.20.1.jar:?]
	at java.instrument/java.lang.instrument.ClassFileTransformer.transform(ClassFileTransformer.java:244) ~[?:?]
	at java.instrument/sun.instrument.TransformerManager.transform(TransformerManager.java:188) ~[?:?]
	at java.instrument/sun.instrument.InstrumentationImpl.transform(InstrumentationImpl.java:541) ~[?:?]
	at java.base/java.lang.ClassLoader.defineClass1(Native Method) ~[?:?]
	at java.base/java.lang.ClassLoader.defineClass(ClassLoader.java:1017) ~[?:?]
	at java.base/java.security.SecureClassLoader.defineClass(SecureClassLoader.java:150) ~[?:?]
	at java.base/jdk.internal.loader.BuiltinClassLoader.defineClass(BuiltinClassLoader.java:862) ~[?:?]
	at java.base/jdk.internal.loader.BuiltinClassLoader.findClassOnClassPathOrNull(BuiltinClassLoader.java:760) ~[?:?]
	at java.base/jdk.internal.loader.BuiltinClassLoader.loadClassOrNull(BuiltinClassLoader.java:681) ~[?:?]
	at java.base/jdk.internal.loader.BuiltinClassLoader.loadClass(BuiltinClassLoader.java:639) ~[?:?]
	at java.base/jdk.internal.loader.ClassLoaders$AppClassLoader.loadClass(ClassLoaders.java:188) ~[?:?]
	at java.base/java.lang.ClassLoader.loadClass(ClassLoader.java:525) ~[?:?]
	at org.springframework.boot.jdbc.DataSourceBuilder$MappedDataSourceProperties.lookupPooled(DataSourceBuilder.java:413) ~[spring-boot-3.4.3.jar:3.4.3]
	at org.springframework.boot.jdbc.DataSourceBuilder$MappedDataSourceProperties.forType(DataSourceBuilder.java:395) ~[spring-boot-3.4.3.jar:3.4.3]
	at org.springframework.boot.jdbc.DataSourceBuilder.findType(DataSourceBuilder.java:267) ~[spring-boot-3.4.3.jar:3.4.3]
	at org.springframework.boot.autoconfigure.jdbc.DataSourceAutoConfiguration$PooledDataSourceAvailableCondition.getMatchOutcome(DataSourceAutoConfiguration.java:118) ~[spring-boot-autoconfigure-3.4.3.jar:3.4.3]
	at org.springframework.boot.autoconfigure.condition.AbstractNestedCondition$MemberOutcomes.getConditionOutcome(AbstractNestedCondition.java:195) ~[spring-boot-autoconfigure-3.4.3.jar:3.4.3]
	at org.springframework.boot.autoconfigure.condition.AbstractNestedCondition$MemberOutcomes.<init>(AbstractNestedCondition.java:189) ~[spring-boot-autoconfigure-3.4.3.jar:3.4.3]
	at org.springframework.boot.autoconfigure.condition.AbstractNestedCondition$MemberConditions.lambda$getMatchOutcomes$0(AbstractNestedCondition.java:169) ~[spring-boot-autoconfigure-3.4.3.jar:3.4.3]
	at java.base/java.util.LinkedHashMap.forEach(LinkedHashMap.java:721) ~[?:?]
	at org.springframework.util.MultiValueMapAdapter.forEach(MultiValueMapAdapter.java:179) ~[spring-core-6.2.3.jar:6.2.3]
	at java.base/java.util.Collections$UnmodifiableMap.forEach(Collections.java:1553) ~[?:?]
	at org.springframework.boot.autoconfigure.condition.AbstractNestedCondition$MemberConditions.getMatchOutcomes(AbstractNestedCondition.java:169) ~[spring-boot-autoconfigure-3.4.3.jar:3.4.3]
	at org.springframework.boot.autoconfigure.condition.AbstractNestedCondition$MemberMatchOutcomes.<init>(AbstractNestedCondition.java:78) ~[spring-boot-autoconfigure-3.4.3.jar:3.4.3]
	at org.springframework.boot.autoconfigure.condition.AbstractNestedCondition.getMatchOutcome(AbstractNestedCondition.java:63) ~[spring-boot-autoconfigure-3.4.3.jar:3.4.3]
	at org.springframework.boot.autoconfigure.condition.SpringBootCondition.matches(SpringBootCondition.java:47) ~[spring-boot-autoconfigure-3.4.3.jar:3.4.3]
	at org.springframework.context.annotation.ConditionEvaluator.shouldSkip(ConditionEvaluator.java:99) ~[spring-context-6.2.3.jar:6.2.3]
	at org.springframework.context.annotation.ConfigurationClassParser.processConfigurationClass(ConfigurationClassParser.java:233) ~[spring-context-6.2.3.jar:6.2.3]
	at org.springframework.context.annotation.ConfigurationClassParser.processMemberClasses(ConfigurationClassParser.java:413) ~[spring-context-6.2.3.jar:6.2.3]
	at org.springframework.context.annotation.ConfigurationClassParser.doProcessConfigurationClass(ConfigurationClassParser.java:294) ~[spring-context-6.2.3.jar:6.2.3]
	at org.springframework.context.annotation.ConfigurationClassParser.processConfigurationClass(ConfigurationClassParser.java:267) ~[spring-context-6.2.3.jar:6.2.3]
	at org.springframework.context.annotation.ConfigurationClassParser.processImports(ConfigurationClassParser.java:603) ~[spring-context-6.2.3.jar:6.2.3]
	at org.springframework.context.annotation.ConfigurationClassParser$DeferredImportSelectorGroupingHandler.lambda$processGroupImports$1(ConfigurationClassParser.java:836) ~[spring-context-6.2.3.jar:6.2.3]
	at java.base/java.lang.Iterable.forEach(Iterable.java:75) ~[?:?]
	at org.springframework.context.annotation.ConfigurationClassParser$DeferredImportSelectorGroupingHandler.processGroupImports(ConfigurationClassParser.java:833) ~[spring-context-6.2.3.jar:6.2.3]
	at org.springframework.context.annotation.ConfigurationClassParser$DeferredImportSelectorHandler.process(ConfigurationClassParser.java:803) ~[spring-context-6.2.3.jar:6.2.3]
	at org.springframework.context.annotation.ConfigurationClassParser.parse(ConfigurationClassParser.java:189) ~[spring-context-6.2.3.jar:6.2.3]
	at org.springframework.context.annotation.ConfigurationClassPostProcessor.processConfigBeanDefinitions(ConfigurationClassPostProcessor.java:418) ~[spring-context-6.2.3.jar:6.2.3]
	at org.springframework.context.annotation.ConfigurationClassPostProcessor.postProcessBeanDefinitionRegistry(ConfigurationClassPostProcessor.java:290) ~[spring-context-6.2.3.jar:6.2.3]
	at org.springframework.context.support.PostProcessorRegistrationDelegate.invokeBeanDefinitionRegistryPostProcessors(PostProcessorRegistrationDelegate.java:349) ~[spring-context-6.2.3.jar:6.2.3]
	at org.springframework.context.support.PostProcessorRegistrationDelegate.invokeBeanFactoryPostProcessors(PostProcessorRegistrationDelegate.java:118) ~[spring-context-6.2.3.jar:6.2.3]
	at org.springframework.context.support.AbstractApplicationContext.invokeBeanFactoryPostProcessors(AbstractApplicationContext.java:791) ~[spring-context-6.2.3.jar:6.2.3]
	at org.springframework.context.support.AbstractApplicationContext.refresh(AbstractApplicationContext.java:609) ~[spring-context-6.2.3.jar:6.2.3]
	at org.springframework.boot.SpringApplication.refresh(SpringApplication.java:752) ~[spring-boot-3.4.3.jar:3.4.3]
	at org.springframework.boot.SpringApplication.refreshContext(SpringApplication.java:439) ~[spring-boot-3.4.3.jar:3.4.3]
	at org.springframework.boot.SpringApplication.run(SpringApplication.java:318) ~[spring-boot-3.4.3.jar:3.4.3]
	at org.springframework.boot.test.context.SpringBootContextLoader.lambda$loadContext$3(SpringBootContextLoader.java:137) ~[spring-boot-test-3.4.3.jar:3.4.3]
	at org.springframework.util.function.ThrowingSupplier.get(ThrowingSupplier.java:58) ~[spring-core-6.2.3.jar:6.2.3]
	at org.springframework.util.function.ThrowingSupplier.get(ThrowingSupplier.java:46) ~[spring-core-6.2.3.jar:6.2.3]
	at org.springframework.boot.SpringApplication.withHook(SpringApplication.java:1461) ~[spring-boot-3.4.3.jar:3.4.3]
	at org.springframework.boot.test.context.SpringBootContextLoader$ContextLoaderHook.run(SpringBootContextLoader.java:553) ~[spring-boot-test-3.4.3.jar:3.4.3]
	at org.springframework.boot.test.context.SpringBootContextLoader.loadContext(SpringBootContextLoader.java:137) ~[spring-boot-test-3.4.3.jar:3.4.3]
	at org.springframework.boot.test.context.SpringBootContextLoader.loadContext(SpringBootContextLoader.java:108) ~[spring-boot-test-3.4.3.jar:3.4.3]
	at org.springframework.test.context.cache.DefaultCacheAwareContextLoaderDelegate.loadContextInternal(DefaultCacheAwareContextLoaderDelegate.java:225) ~[spring-test-6.2.3.jar:6.2.3]
	at org.springframework.test.context.cache.DefaultCacheAwareContextLoaderDelegate.loadContext(DefaultCacheAwareContextLoaderDelegate.java:152) ~[spring-test-6.2.3.jar:6.2.3]
	at org.springframework.test.context.support.DefaultTestContext.getApplicationContext(DefaultTestContext.java:130) ~[spring-test-6.2.3.jar:6.2.3]
	at org.springframework.test.context.support.DependencyInjectionTestExecutionListener.injectDependencies(DependencyInjectionTestExecutionListener.java:155) ~[spring-test-6.2.3.jar:6.2.3]
	at org.springframework.test.context.support.DependencyInjectionTestExecutionListener.prepareTestInstance(DependencyInjectionTestExecutionListener.java:111) ~[spring-test-6.2.3.jar:6.2.3]
	at org.springframework.test.context.TestContextManager.prepareTestInstance(TestContextManager.java:260) ~[spring-test-6.2.3.jar:6.2.3]
	at org.springframework.test.context.testng.AbstractTestNGSpringContextTests.springTestContextPrepareTestInstance(AbstractTestNGSpringContextTests.java:119) ~[spring-test-6.2.3.jar:6.2.3]
	at java.base/jdk.internal.reflect.NativeMethodAccessorImpl.invoke0(Native Method) ~[?:?]
	at java.base/jdk.internal.reflect.NativeMethodAccessorImpl.invoke(NativeMethodAccessorImpl.java:77) ~[?:?]
	at java.base/jdk.internal.reflect.DelegatingMethodAccessorImpl.invoke(DelegatingMethodAccessorImpl.java:43) ~[?:?]
	at java.base/java.lang.reflect.Method.invoke(Method.java:569) ~[?:?]
	at org.testng.internal.invokers.MethodInvocationHelper.invokeMethod(MethodInvocationHelper.java:141) ~[testng-7.11.0.jar:7.11.0]
	at org.testng.internal.invokers.MethodInvocationHelper.invokeMethodConsideringTimeout(MethodInvocationHelper.java:71) ~[testng-7.11.0.jar:7.11.0]
	at org.testng.internal.invokers.ConfigInvoker.invokeConfigurationMethod(ConfigInvoker.java:400) ~[testng-7.11.0.jar:7.11.0]
	at org.testng.internal.invokers.ConfigInvoker.invokeConfigurations(ConfigInvoker.java:333) ~[testng-7.11.0.jar:7.11.0]
	at org.testng.internal.invokers.TestMethodWorker.invokeBeforeClassMethods(TestMethodWorker.java:188) ~[testng-7.11.0.jar:7.11.0]
	at org.testng.internal.invokers.TestMethodWorker.run(TestMethodWorker.java:128) ~[testng-7.11.0.jar:7.11.0]
	at java.base/java.util.ArrayList.forEach(ArrayList.java:1511) [?:?]
	at org.testng.TestRunner.privateRun(TestRunner.java:741) [testng-7.11.0.jar:7.11.0]
	at org.testng.TestRunner.run(TestRunner.java:616) [testng-7.11.0.jar:7.11.0]
	at org.testng.SuiteRunner.runTest(SuiteRunner.java:421) [testng-7.11.0.jar:7.11.0]
	at org.testng.SuiteRunner.runSequentially(SuiteRunner.java:413) [testng-7.11.0.jar:7.11.0]
	at org.testng.SuiteRunner.privateRun(SuiteRunner.java:373) [testng-7.11.0.jar:7.11.0]
	at org.testng.SuiteRunner.run(SuiteRunner.java:312) [testng-7.11.0.jar:7.11.0]
	at org.testng.SuiteRunnerWorker.runSuite(SuiteRunnerWorker.java:52) [testng-7.11.0.jar:7.11.0]
	at org.testng.SuiteRunnerWorker.run(SuiteRunnerWorker.java:95) [testng-7.11.0.jar:7.11.0]
	at org.testng.TestNG.runSuitesSequentially(TestNG.java:1274) [testng-7.11.0.jar:7.11.0]
	at org.testng.TestNG.runSuitesLocally(TestNG.java:1208) [testng-7.11.0.jar:7.11.0]
	at org.testng.TestNG.runSuites(TestNG.java:1112) [testng-7.11.0.jar:7.11.0]
	at org.testng.TestNG.run(TestNG.java:1079) [testng-7.11.0.jar:7.11.0]
	at org.apache.maven.surefire.testng.TestNGExecutor.run(TestNGExecutor.java:308) [surefire-testng-3.5.2.jar:3.5.2]
	at org.apache.maven.surefire.testng.TestNGXmlTestSuite.execute(TestNGXmlTestSuite.java:71) [surefire-testng-3.5.2.jar:3.5.2]
	at org.apache.maven.surefire.testng.TestNGProvider.invoke(TestNGProvider.java:113) [surefire-testng-3.5.2.jar:3.5.2]
	at org.apache.maven.surefire.booter.ForkedBooter.runSuitesInProcess(ForkedBooter.java:385) [surefire-booter-3.5.2.jar:3.5.2]
	at org.apache.maven.surefire.booter.ForkedBooter.execute(ForkedBooter.java:162) [surefire-booter-3.5.2.jar:3.5.2]
	at org.apache.maven.surefire.booter.ForkedBooter.run(ForkedBooter.java:507) [surefire-booter-3.5.2.jar:3.5.2]
	at org.apache.maven.surefire.booter.ForkedBooter.main(ForkedBooter.java:495) [surefire-booter-3.5.2.jar:3.5.2]
2025-03-15 06:28:13 [main] INFO  org.aspectj.weaver.Dump - Dumping to D:\Niraj\Work\Spring Boot UI API Automation\OrangeHRMSpringBootAutomation\.\ajcore.20250315.062813.032.txt
2025-03-15 06:28:13 [main] INFO  org.aspectj.weaver.Dump - Dumping to D:\Niraj\Work\Spring Boot UI API Automation\OrangeHRMSpringBootAutomation\.\ajcore.20250315.062813.081.txt
2025-03-15 06:28:17 [main] INFO  org.springframework.data.repository.config.RepositoryConfigurationDelegate - Bootstrapping Spring Data JPA repositories in DEFAULT mode.
2025-03-15 06:28:17 [main] INFO  org.springframework.data.repository.config.RepositoryConfigurationDelegate - Finished Spring Data repository scanning in 133 ms. Found 0 JPA repository interfaces.
2025-03-15 06:29:31 [main] INFO  com.zaxxer.hikari.HikariDataSource - HikariPool-1 - Starting...
2025-03-15 06:29:32 [main] INFO  com.zaxxer.hikari.pool.HikariPool - HikariPool-1 - Added connection conn0: url=jdbc:h2:mem:51504aab-b091-41e6-8a7c-cf16e6e97a8b user=SA
2025-03-15 06:29:32 [main] INFO  com.zaxxer.hikari.HikariDataSource - HikariPool-1 - Start completed.
2025-03-15 06:29:33 [main] INFO  org.hibernate.jpa.internal.util.LogHelper - HHH000204: Processing PersistenceUnitInfo [name: default]
2025-03-15 06:29:34 [main] INFO  org.hibernate.Version - HHH000412: Hibernate ORM core version 6.6.8.Final
2025-03-15 06:29:34 [main] INFO  org.hibernate.cache.internal.RegionFactoryInitiator - HHH000026: Second-level cache disabled
2025-03-15 06:29:36 [main] INFO  org.springframework.orm.jpa.persistenceunit.SpringPersistenceUnitInfo - No LoadTimeWeaver setup: ignoring JPA class transformer
2025-03-15 06:29:37 [main] INFO  org.hibernate.orm.connections.pooling - HHH10001005: Database info:
	Database JDBC URL [Connecting through datasource 'HikariDataSource (HikariPool-1)']
	Database driver: undefined/unknown
	Database version: 2.3.232
	Autocommit mode: undefined/unknown
	Isolation level: undefined/unknown
	Minimum pool size: undefined/unknown
	Maximum pool size: undefined/unknown
2025-03-15 06:29:42 [main] INFO  org.hibernate.engine.transaction.jta.platform.internal.JtaPlatformInitiator - HHH000489: No JTA platform available (set 'hibernate.transaction.jta.platform' to enable JTA platform integration)
2025-03-15 06:29:43 [main] INFO  org.springframework.orm.jpa.LocalContainerEntityManagerFactoryBean - Initialized JPA EntityManagerFactory for persistence unit 'default'
2025-03-15 06:29:44 [main] INFO  io.github.bonigarcia.wdm.WebDriverManager - Using chromedriver 134.0.6998.88 (resolved driver for Chrome 134)
2025-03-15 06:29:44 [main] INFO  io.github.bonigarcia.wdm.WebDriverManager - Exporting webdriver.chrome.driver as C:\Users\niraj\.cache\selenium\chromedriver\win64\134.0.6998.88\chromedriver.exe
2025-03-15 06:29:47 [main] WARN  org.openqa.selenium.devtools.CdpVersionFinder - Unable to find an exact match for CDP version 134, returning the closest version; found: 132; Please update to a Selenium version that supports CDP version 134
2025-03-15 06:29:50 [main] INFO  com.sb.auto.OrangeHRMSpringBootAutomation.qa.RegisterTest - Started RegisterTest in 103.3 seconds (process running for 127.53)
2025-03-15 06:29:50 [main] WARN  org.springframework.test.context.TestContextManager - Caught exception while allowing TestExecutionListener [org.springframework.test.context.support.DependencyInjectionTestExecutionListener] to prepare test instance [com.sb.auto.OrangeHRMSpringBootAutomation.qa.RegisterTest@4ff074a0]
org.springframework.beans.factory.BeanCreationException: Error creating bean with name 'com.sb.auto.OrangeHRMSpringBootAutomation.qa.RegisterTest': Injection of autowired dependencies failed
	at org.springframework.beans.factory.annotation.AutowiredAnnotationBeanPostProcessor.postProcessProperties(AutowiredAnnotationBeanPostProcessor.java:515) ~[spring-beans-6.2.3.jar:6.2.3]
	at org.springframework.beans.factory.support.AbstractAutowireCapableBeanFactory.populateBean(AbstractAutowireCapableBeanFactory.java:1445) ~[spring-beans-6.2.3.jar:6.2.3]
	at org.springframework.beans.factory.support.AbstractAutowireCapableBeanFactory.autowireBeanProperties(AbstractAutowireCapableBeanFactory.java:399) ~[spring-beans-6.2.3.jar:6.2.3]
	at org.springframework.test.context.support.DependencyInjectionTestExecutionListener.injectDependencies(DependencyInjectionTestExecutionListener.java:156) ~[spring-test-6.2.3.jar:6.2.3]
	at org.springframework.test.context.support.DependencyInjectionTestExecutionListener.prepareTestInstance(DependencyInjectionTestExecutionListener.java:111) ~[spring-test-6.2.3.jar:6.2.3]
	at org.springframework.test.context.TestContextManager.prepareTestInstance(TestContextManager.java:260) ~[spring-test-6.2.3.jar:6.2.3]
	at org.springframework.test.context.testng.AbstractTestNGSpringContextTests.springTestContextPrepareTestInstance(AbstractTestNGSpringContextTests.java:119) ~[spring-test-6.2.3.jar:6.2.3]
	at java.base/jdk.internal.reflect.NativeMethodAccessorImpl.invoke0(Native Method) ~[?:?]
	at java.base/jdk.internal.reflect.NativeMethodAccessorImpl.invoke(NativeMethodAccessorImpl.java:77) ~[?:?]
	at java.base/jdk.internal.reflect.DelegatingMethodAccessorImpl.invoke(DelegatingMethodAccessorImpl.java:43) ~[?:?]
	at java.base/java.lang.reflect.Method.invoke(Method.java:569) ~[?:?]
	at org.testng.internal.invokers.MethodInvocationHelper.invokeMethod(MethodInvocationHelper.java:141) ~[testng-7.11.0.jar:7.11.0]
	at org.testng.internal.invokers.MethodInvocationHelper.invokeMethodConsideringTimeout(MethodInvocationHelper.java:71) ~[testng-7.11.0.jar:7.11.0]
	at org.testng.internal.invokers.ConfigInvoker.invokeConfigurationMethod(ConfigInvoker.java:400) ~[testng-7.11.0.jar:7.11.0]
	at org.testng.internal.invokers.ConfigInvoker.invokeConfigurations(ConfigInvoker.java:333) ~[testng-7.11.0.jar:7.11.0]
	at org.testng.internal.invokers.TestMethodWorker.invokeBeforeClassMethods(TestMethodWorker.java:188) ~[testng-7.11.0.jar:7.11.0]
	at org.testng.internal.invokers.TestMethodWorker.run(TestMethodWorker.java:128) ~[testng-7.11.0.jar:7.11.0]
	at java.base/java.util.ArrayList.forEach(ArrayList.java:1511) [?:?]
	at org.testng.TestRunner.privateRun(TestRunner.java:741) [testng-7.11.0.jar:7.11.0]
	at org.testng.TestRunner.run(TestRunner.java:616) [testng-7.11.0.jar:7.11.0]
	at org.testng.SuiteRunner.runTest(SuiteRunner.java:421) [testng-7.11.0.jar:7.11.0]
	at org.testng.SuiteRunner.runSequentially(SuiteRunner.java:413) [testng-7.11.0.jar:7.11.0]
	at org.testng.SuiteRunner.privateRun(SuiteRunner.java:373) [testng-7.11.0.jar:7.11.0]
	at org.testng.SuiteRunner.run(SuiteRunner.java:312) [testng-7.11.0.jar:7.11.0]
	at org.testng.SuiteRunnerWorker.runSuite(SuiteRunnerWorker.java:52) [testng-7.11.0.jar:7.11.0]
	at org.testng.SuiteRunnerWorker.run(SuiteRunnerWorker.java:95) [testng-7.11.0.jar:7.11.0]
	at org.testng.TestNG.runSuitesSequentially(TestNG.java:1274) [testng-7.11.0.jar:7.11.0]
	at org.testng.TestNG.runSuitesLocally(TestNG.java:1208) [testng-7.11.0.jar:7.11.0]
	at org.testng.TestNG.runSuites(TestNG.java:1112) [testng-7.11.0.jar:7.11.0]
	at org.testng.TestNG.run(TestNG.java:1079) [testng-7.11.0.jar:7.11.0]
	at org.apache.maven.surefire.testng.TestNGExecutor.run(TestNGExecutor.java:308) [surefire-testng-3.5.2.jar:3.5.2]
	at org.apache.maven.surefire.testng.TestNGXmlTestSuite.execute(TestNGXmlTestSuite.java:71) [surefire-testng-3.5.2.jar:3.5.2]
	at org.apache.maven.surefire.testng.TestNGProvider.invoke(TestNGProvider.java:113) [surefire-testng-3.5.2.jar:3.5.2]
	at org.apache.maven.surefire.booter.ForkedBooter.runSuitesInProcess(ForkedBooter.java:385) [surefire-booter-3.5.2.jar:3.5.2]
	at org.apache.maven.surefire.booter.ForkedBooter.execute(ForkedBooter.java:162) [surefire-booter-3.5.2.jar:3.5.2]
	at org.apache.maven.surefire.booter.ForkedBooter.run(ForkedBooter.java:507) [surefire-booter-3.5.2.jar:3.5.2]
	at org.apache.maven.surefire.booter.ForkedBooter.main(ForkedBooter.java:495) [surefire-booter-3.5.2.jar:3.5.2]
Caused by: org.springframework.util.PlaceholderResolutionException: Could not resolve placeholder 'log.level' in value "${log.level}"
	at org.springframework.util.PlaceholderResolutionException.withValue(PlaceholderResolutionException.java:81) ~[spring-core-6.2.3.jar:6.2.3]
	at org.springframework.util.PlaceholderParser$ParsedValue.resolve(PlaceholderParser.java:423) ~[spring-core-6.2.3.jar:6.2.3]
	at org.springframework.util.PlaceholderParser.replacePlaceholders(PlaceholderParser.java:128) ~[spring-core-6.2.3.jar:6.2.3]
	at org.springframework.util.PropertyPlaceholderHelper.parseStringValue(PropertyPlaceholderHelper.java:118) ~[spring-core-6.2.3.jar:6.2.3]
	at org.springframework.util.PropertyPlaceholderHelper.replacePlaceholders(PropertyPlaceholderHelper.java:114) ~[spring-core-6.2.3.jar:6.2.3]
	at org.springframework.core.env.AbstractPropertyResolver.doResolvePlaceholders(AbstractPropertyResolver.java:255) ~[spring-core-6.2.3.jar:6.2.3]
	at org.springframework.core.env.AbstractPropertyResolver.resolveRequiredPlaceholders(AbstractPropertyResolver.java:226) ~[spring-core-6.2.3.jar:6.2.3]
	at org.springframework.context.support.PropertySourcesPlaceholderConfigurer.lambda$processProperties$0(PropertySourcesPlaceholderConfigurer.java:201) ~[spring-context-6.2.3.jar:6.2.3]
	at org.springframework.beans.factory.support.AbstractBeanFactory.resolveEmbeddedValue(AbstractBeanFactory.java:971) ~[spring-beans-6.2.3.jar:6.2.3]
	at org.springframework.beans.factory.support.DefaultListableBeanFactory.doResolveDependency(DefaultListableBeanFactory.java:1574) ~[spring-beans-6.2.3.jar:6.2.3]
	at org.springframework.beans.factory.support.DefaultListableBeanFactory.resolveDependency(DefaultListableBeanFactory.java:1552) ~[spring-beans-6.2.3.jar:6.2.3]
	at org.springframework.beans.factory.annotation.AutowiredAnnotationBeanPostProcessor$AutowiredFieldElement.resolveFieldValue(AutowiredAnnotationBeanPostProcessor.java:785) ~[spring-beans-6.2.3.jar:6.2.3]
	at org.springframework.beans.factory.annotation.AutowiredAnnotationBeanPostProcessor$AutowiredFieldElement.inject(AutowiredAnnotationBeanPostProcessor.java:768) ~[spring-beans-6.2.3.jar:6.2.3]
	at org.springframework.beans.factory.annotation.InjectionMetadata.inject(InjectionMetadata.java:146) ~[spring-beans-6.2.3.jar:6.2.3]
	at org.springframework.beans.factory.annotation.AutowiredAnnotationBeanPostProcessor.postProcessProperties(AutowiredAnnotationBeanPostProcessor.java:509) ~[spring-beans-6.2.3.jar:6.2.3]
	... 36 more
2025-03-15 06:29:55 [SpringApplicationShutdownHook] INFO  org.springframework.orm.jpa.LocalContainerEntityManagerFactoryBean - Closing JPA EntityManagerFactory for persistence unit 'default'
2025-03-15 06:29:55 [SpringApplicationShutdownHook] INFO  com.zaxxer.hikari.HikariDataSource - HikariPool-1 - Shutdown initiated...
2025-03-15 06:29:55 [SpringApplicationShutdownHook] INFO  com.zaxxer.hikari.HikariDataSource - HikariPool-1 - Shutdown completed.
2025-03-15 06:34:58 [main] INFO  com.sb.auto.OrangeHRMSpringBootAutomation.qa.RegisterTest - Starting RegisterTest using Java 17.0.13 with PID 888 (D:\Niraj\Work\Spring Boot UI API Automation\OrangeHRMSpringBootAutomation\target\test-classes started by niraj in D:\Niraj\Work\Spring Boot UI API Automation\OrangeHRMSpringBootAutomation)
2025-03-15 06:34:58 [main] INFO  com.sb.auto.OrangeHRMSpringBootAutomation.qa.RegisterTest - No active profile set, falling back to 1 default profile: "default"
2025-03-15 06:35:01 [main] ERROR org.aspectj.weaver.loadtime.Aj - org/springframework/boot/jdbc/DataSourceBuilder$OraclePoolDataSourceProperties
org.aspectj.bridge.AbortException: trouble in: 
class org.springframework.boot.jdbc.DataSourceBuilder$OraclePoolDataSourceProperties extends org.springframework.boot.jdbc.DataSourceBuilder$MappedDataSourceProperties:
  public Class getDataSourceInstanceType():
                    LDC oracle.ucp.jdbc.PoolDataSourceImpl   (line 661)
                    ARETURN
  end public Class getDataSourceInstanceType()

  void <init>():
                    ALOAD_0     // Lorg/springframework/boot/jdbc/DataSourceBuilder$OraclePoolDataSourceProperties; this   (line 664)
                    INVOKESPECIAL org.springframework.boot.jdbc.DataSourceBuilder$MappedDataSourceProperties.<init> ()V
                    ALOAD_0     // Lorg/springframework/boot/jdbc/DataSourceBuilder$OraclePoolDataSourceProperties; this   (line 665)
                    GETSTATIC org.springframework.boot.jdbc.DataSourceBuilder$DataSourceProperty.URL Lorg/springframework/boot/jdbc/DataSourceBuilder$DataSourceProperty;
                    INVOKEDYNAMIC #0.get ()Lorg/springframework/boot/jdbc/DataSourceBuilder$Getter;
                    INVOKEDYNAMIC #1.set ()Lorg/springframework/boot/jdbc/DataSourceBuilder$Setter;
                    INVOKEVIRTUAL org.springframework.boot.jdbc.DataSourceBuilder$OraclePoolDataSourceProperties.add (Lorg/springframework/boot/jdbc/DataSourceBuilder$DataSourceProperty;Lorg/springframework/boot/jdbc/DataSourceBuilder$Getter;Lorg/springframework/boot/jdbc/DataSourceBuilder$Setter;)V
                    ALOAD_0     // Lorg/springframework/boot/jdbc/DataSourceBuilder$OraclePoolDataSourceProperties; this   (line 666)
                    GETSTATIC org.springframework.boot.jdbc.DataSourceBuilder$DataSourceProperty.DRIVER_CLASS_NAME Lorg/springframework/boot/jdbc/DataSourceBuilder$DataSourceProperty;
                    INVOKEDYNAMIC #2.get ()Lorg/springframework/boot/jdbc/DataSourceBuilder$Getter;
                    INVOKEDYNAMIC #3.set ()Lorg/springframework/boot/jdbc/DataSourceBuilder$Setter;
                    INVOKEVIRTUAL org.springframework.boot.jdbc.DataSourceBuilder$OraclePoolDataSourceProperties.add (Lorg/springframework/boot/jdbc/DataSourceBuilder$DataSourceProperty;Lorg/springframework/boot/jdbc/DataSourceBuilder$Getter;Lorg/springframework/boot/jdbc/DataSourceBuilder$Setter;)V
                    ALOAD_0     // Lorg/springframework/boot/jdbc/DataSourceBuilder$OraclePoolDataSourceProperties; this   (line 668)
                    GETSTATIC org.springframework.boot.jdbc.DataSourceBuilder$DataSourceProperty.USERNAME Lorg/springframework/boot/jdbc/DataSourceBuilder$DataSourceProperty;
                    INVOKEDYNAMIC #4.get ()Lorg/springframework/boot/jdbc/DataSourceBuilder$Getter;
                    INVOKEDYNAMIC #5.set ()Lorg/springframework/boot/jdbc/DataSourceBuilder$Setter;
                    INVOKEVIRTUAL org.springframework.boot.jdbc.DataSourceBuilder$OraclePoolDataSourceProperties.add (Lorg/springframework/boot/jdbc/DataSourceBuilder$DataSourceProperty;Lorg/springframework/boot/jdbc/DataSourceBuilder$Getter;Lorg/springframework/boot/jdbc/DataSourceBuilder$Setter;)V
                    ALOAD_0     // Lorg/springframework/boot/jdbc/DataSourceBuilder$OraclePoolDataSourceProperties; this   (line 669)
                    GETSTATIC org.springframework.boot.jdbc.DataSourceBuilder$DataSourceProperty.PASSWORD Lorg/springframework/boot/jdbc/DataSourceBuilder$DataSourceProperty;
                    ACONST_NULL
                    INVOKEDYNAMIC #6.set ()Lorg/springframework/boot/jdbc/DataSourceBuilder$Setter;
                    INVOKEVIRTUAL org.springframework.boot.jdbc.DataSourceBuilder$OraclePoolDataSourceProperties.add (Lorg/springframework/boot/jdbc/DataSourceBuilder$DataSourceProperty;Lorg/springframework/boot/jdbc/DataSourceBuilder$Getter;Lorg/springframework/boot/jdbc/DataSourceBuilder$Setter;)V
                    RETURN   (line 670)
  end void <init>()

end class org.springframework.boot.jdbc.DataSourceBuilder$OraclePoolDataSourceProperties

	at org.aspectj.bridge.MessageWriter.handleMessage(MessageWriter.java:47) ~[aspectjweaver-1.9.20.1.jar:?]
	at org.aspectj.weaver.tools.WeavingAdaptor$WeavingAdaptorMessageWriter.handleMessage(WeavingAdaptor.java:817) ~[aspectjweaver-1.9.20.1.jar:?]
	at org.aspectj.weaver.tools.WeavingAdaptor$WeavingAdaptorMessageHolder.handleMessage(WeavingAdaptor.java:762) ~[aspectjweaver-1.9.20.1.jar:?]
	at org.aspectj.weaver.bcel.BcelWeaver.weave(BcelWeaver.java:1732) ~[aspectjweaver-1.9.20.1.jar:?]
	at org.aspectj.weaver.bcel.BcelWeaver.weaveWithoutDump(BcelWeaver.java:1650) ~[aspectjweaver-1.9.20.1.jar:?]
	at org.aspectj.weaver.bcel.BcelWeaver.weaveAndNotify(BcelWeaver.java:1417) ~[aspectjweaver-1.9.20.1.jar:?]
	at org.aspectj.weaver.bcel.BcelWeaver.weave(BcelWeaver.java:1192) ~[aspectjweaver-1.9.20.1.jar:?]
	at org.aspectj.weaver.tools.WeavingAdaptor.getWovenBytes(WeavingAdaptor.java:549) ~[aspectjweaver-1.9.20.1.jar:?]
	at org.aspectj.weaver.tools.WeavingAdaptor.weaveClass(WeavingAdaptor.java:385) ~[aspectjweaver-1.9.20.1.jar:?]
	at org.aspectj.weaver.loadtime.Aj.preProcess(Aj.java:116) ~[aspectjweaver-1.9.20.1.jar:?]
	at org.aspectj.weaver.loadtime.ClassPreProcessorAgentAdapter.transform(ClassPreProcessorAgentAdapter.java:51) ~[aspectjweaver-1.9.20.1.jar:?]
	at java.instrument/java.lang.instrument.ClassFileTransformer.transform(ClassFileTransformer.java:244) ~[?:?]
	at java.instrument/sun.instrument.TransformerManager.transform(TransformerManager.java:188) ~[?:?]
	at java.instrument/sun.instrument.InstrumentationImpl.transform(InstrumentationImpl.java:541) ~[?:?]
	at java.base/java.lang.ClassLoader.defineClass1(Native Method) ~[?:?]
	at java.base/java.lang.ClassLoader.defineClass(ClassLoader.java:1017) ~[?:?]
	at java.base/java.security.SecureClassLoader.defineClass(SecureClassLoader.java:150) ~[?:?]
	at java.base/jdk.internal.loader.BuiltinClassLoader.defineClass(BuiltinClassLoader.java:862) ~[?:?]
	at java.base/jdk.internal.loader.BuiltinClassLoader.findClassOnClassPathOrNull(BuiltinClassLoader.java:760) ~[?:?]
	at java.base/jdk.internal.loader.BuiltinClassLoader.loadClassOrNull(BuiltinClassLoader.java:681) ~[?:?]
	at java.base/jdk.internal.loader.BuiltinClassLoader.loadClass(BuiltinClassLoader.java:639) ~[?:?]
	at java.base/jdk.internal.loader.ClassLoaders$AppClassLoader.loadClass(ClassLoaders.java:188) ~[?:?]
	at java.base/java.lang.ClassLoader.loadClass(ClassLoader.java:525) ~[?:?]
	at org.springframework.boot.jdbc.DataSourceBuilder$MappedDataSourceProperties.lookupPooled(DataSourceBuilder.java:411) ~[spring-boot-3.4.3.jar:3.4.3]
	at org.springframework.boot.jdbc.DataSourceBuilder$MappedDataSourceProperties.forType(DataSourceBuilder.java:395) ~[spring-boot-3.4.3.jar:3.4.3]
	at org.springframework.boot.jdbc.DataSourceBuilder.findType(DataSourceBuilder.java:267) ~[spring-boot-3.4.3.jar:3.4.3]
	at org.springframework.boot.autoconfigure.jdbc.DataSourceAutoConfiguration$PooledDataSourceAvailableCondition.getMatchOutcome(DataSourceAutoConfiguration.java:118) ~[spring-boot-autoconfigure-3.4.3.jar:3.4.3]
	at org.springframework.boot.autoconfigure.condition.AbstractNestedCondition$MemberOutcomes.getConditionOutcome(AbstractNestedCondition.java:195) ~[spring-boot-autoconfigure-3.4.3.jar:3.4.3]
	at org.springframework.boot.autoconfigure.condition.AbstractNestedCondition$MemberOutcomes.<init>(AbstractNestedCondition.java:189) ~[spring-boot-autoconfigure-3.4.3.jar:3.4.3]
	at org.springframework.boot.autoconfigure.condition.AbstractNestedCondition$MemberConditions.lambda$getMatchOutcomes$0(AbstractNestedCondition.java:169) ~[spring-boot-autoconfigure-3.4.3.jar:3.4.3]
	at java.base/java.util.LinkedHashMap.forEach(LinkedHashMap.java:721) ~[?:?]
	at org.springframework.util.MultiValueMapAdapter.forEach(MultiValueMapAdapter.java:179) ~[spring-core-6.2.3.jar:6.2.3]
	at java.base/java.util.Collections$UnmodifiableMap.forEach(Collections.java:1553) ~[?:?]
	at org.springframework.boot.autoconfigure.condition.AbstractNestedCondition$MemberConditions.getMatchOutcomes(AbstractNestedCondition.java:169) ~[spring-boot-autoconfigure-3.4.3.jar:3.4.3]
	at org.springframework.boot.autoconfigure.condition.AbstractNestedCondition$MemberMatchOutcomes.<init>(AbstractNestedCondition.java:78) ~[spring-boot-autoconfigure-3.4.3.jar:3.4.3]
	at org.springframework.boot.autoconfigure.condition.AbstractNestedCondition.getMatchOutcome(AbstractNestedCondition.java:63) ~[spring-boot-autoconfigure-3.4.3.jar:3.4.3]
	at org.springframework.boot.autoconfigure.condition.SpringBootCondition.matches(SpringBootCondition.java:47) ~[spring-boot-autoconfigure-3.4.3.jar:3.4.3]
	at org.springframework.context.annotation.ConditionEvaluator.shouldSkip(ConditionEvaluator.java:99) ~[spring-context-6.2.3.jar:6.2.3]
	at org.springframework.context.annotation.ConfigurationClassParser.processConfigurationClass(ConfigurationClassParser.java:233) ~[spring-context-6.2.3.jar:6.2.3]
	at org.springframework.context.annotation.ConfigurationClassParser.processMemberClasses(ConfigurationClassParser.java:413) ~[spring-context-6.2.3.jar:6.2.3]
	at org.springframework.context.annotation.ConfigurationClassParser.doProcessConfigurationClass(ConfigurationClassParser.java:294) ~[spring-context-6.2.3.jar:6.2.3]
	at org.springframework.context.annotation.ConfigurationClassParser.processConfigurationClass(ConfigurationClassParser.java:267) ~[spring-context-6.2.3.jar:6.2.3]
	at org.springframework.context.annotation.ConfigurationClassParser.processImports(ConfigurationClassParser.java:603) ~[spring-context-6.2.3.jar:6.2.3]
	at org.springframework.context.annotation.ConfigurationClassParser$DeferredImportSelectorGroupingHandler.lambda$processGroupImports$1(ConfigurationClassParser.java:836) ~[spring-context-6.2.3.jar:6.2.3]
	at java.base/java.lang.Iterable.forEach(Iterable.java:75) ~[?:?]
	at org.springframework.context.annotation.ConfigurationClassParser$DeferredImportSelectorGroupingHandler.processGroupImports(ConfigurationClassParser.java:833) ~[spring-context-6.2.3.jar:6.2.3]
	at org.springframework.context.annotation.ConfigurationClassParser$DeferredImportSelectorHandler.process(ConfigurationClassParser.java:803) ~[spring-context-6.2.3.jar:6.2.3]
	at org.springframework.context.annotation.ConfigurationClassParser.parse(ConfigurationClassParser.java:189) ~[spring-context-6.2.3.jar:6.2.3]
	at org.springframework.context.annotation.ConfigurationClassPostProcessor.processConfigBeanDefinitions(ConfigurationClassPostProcessor.java:418) ~[spring-context-6.2.3.jar:6.2.3]
	at org.springframework.context.annotation.ConfigurationClassPostProcessor.postProcessBeanDefinitionRegistry(ConfigurationClassPostProcessor.java:290) ~[spring-context-6.2.3.jar:6.2.3]
	at org.springframework.context.support.PostProcessorRegistrationDelegate.invokeBeanDefinitionRegistryPostProcessors(PostProcessorRegistrationDelegate.java:349) ~[spring-context-6.2.3.jar:6.2.3]
	at org.springframework.context.support.PostProcessorRegistrationDelegate.invokeBeanFactoryPostProcessors(PostProcessorRegistrationDelegate.java:118) ~[spring-context-6.2.3.jar:6.2.3]
	at org.springframework.context.support.AbstractApplicationContext.invokeBeanFactoryPostProcessors(AbstractApplicationContext.java:791) ~[spring-context-6.2.3.jar:6.2.3]
	at org.springframework.context.support.AbstractApplicationContext.refresh(AbstractApplicationContext.java:609) ~[spring-context-6.2.3.jar:6.2.3]
	at org.springframework.boot.SpringApplication.refresh(SpringApplication.java:752) ~[spring-boot-3.4.3.jar:3.4.3]
	at org.springframework.boot.SpringApplication.refreshContext(SpringApplication.java:439) ~[spring-boot-3.4.3.jar:3.4.3]
	at org.springframework.boot.SpringApplication.run(SpringApplication.java:318) ~[spring-boot-3.4.3.jar:3.4.3]
	at org.springframework.boot.test.context.SpringBootContextLoader.lambda$loadContext$3(SpringBootContextLoader.java:137) ~[spring-boot-test-3.4.3.jar:3.4.3]
	at org.springframework.util.function.ThrowingSupplier.get(ThrowingSupplier.java:58) ~[spring-core-6.2.3.jar:6.2.3]
	at org.springframework.util.function.ThrowingSupplier.get(ThrowingSupplier.java:46) ~[spring-core-6.2.3.jar:6.2.3]
	at org.springframework.boot.SpringApplication.withHook(SpringApplication.java:1461) ~[spring-boot-3.4.3.jar:3.4.3]
	at org.springframework.boot.test.context.SpringBootContextLoader$ContextLoaderHook.run(SpringBootContextLoader.java:553) ~[spring-boot-test-3.4.3.jar:3.4.3]
	at org.springframework.boot.test.context.SpringBootContextLoader.loadContext(SpringBootContextLoader.java:137) ~[spring-boot-test-3.4.3.jar:3.4.3]
	at org.springframework.boot.test.context.SpringBootContextLoader.loadContext(SpringBootContextLoader.java:108) ~[spring-boot-test-3.4.3.jar:3.4.3]
	at org.springframework.test.context.cache.DefaultCacheAwareContextLoaderDelegate.loadContextInternal(DefaultCacheAwareContextLoaderDelegate.java:225) ~[spring-test-6.2.3.jar:6.2.3]
	at org.springframework.test.context.cache.DefaultCacheAwareContextLoaderDelegate.loadContext(DefaultCacheAwareContextLoaderDelegate.java:152) ~[spring-test-6.2.3.jar:6.2.3]
	at org.springframework.test.context.support.DefaultTestContext.getApplicationContext(DefaultTestContext.java:130) ~[spring-test-6.2.3.jar:6.2.3]
	at org.springframework.test.context.support.DependencyInjectionTestExecutionListener.injectDependencies(DependencyInjectionTestExecutionListener.java:155) ~[spring-test-6.2.3.jar:6.2.3]
	at org.springframework.test.context.support.DependencyInjectionTestExecutionListener.prepareTestInstance(DependencyInjectionTestExecutionListener.java:111) ~[spring-test-6.2.3.jar:6.2.3]
	at org.springframework.test.context.TestContextManager.prepareTestInstance(TestContextManager.java:260) ~[spring-test-6.2.3.jar:6.2.3]
	at org.springframework.test.context.testng.AbstractTestNGSpringContextTests.springTestContextPrepareTestInstance(AbstractTestNGSpringContextTests.java:119) ~[spring-test-6.2.3.jar:6.2.3]
	at java.base/jdk.internal.reflect.NativeMethodAccessorImpl.invoke0(Native Method) ~[?:?]
	at java.base/jdk.internal.reflect.NativeMethodAccessorImpl.invoke(NativeMethodAccessorImpl.java:77) ~[?:?]
	at java.base/jdk.internal.reflect.DelegatingMethodAccessorImpl.invoke(DelegatingMethodAccessorImpl.java:43) ~[?:?]
	at java.base/java.lang.reflect.Method.invoke(Method.java:569) ~[?:?]
	at org.testng.internal.invokers.MethodInvocationHelper.invokeMethod(MethodInvocationHelper.java:141) ~[testng-7.11.0.jar:7.11.0]
	at org.testng.internal.invokers.MethodInvocationHelper.invokeMethodConsideringTimeout(MethodInvocationHelper.java:71) ~[testng-7.11.0.jar:7.11.0]
	at org.testng.internal.invokers.ConfigInvoker.invokeConfigurationMethod(ConfigInvoker.java:400) ~[testng-7.11.0.jar:7.11.0]
	at org.testng.internal.invokers.ConfigInvoker.invokeConfigurations(ConfigInvoker.java:333) ~[testng-7.11.0.jar:7.11.0]
	at org.testng.internal.invokers.TestMethodWorker.invokeBeforeClassMethods(TestMethodWorker.java:188) ~[testng-7.11.0.jar:7.11.0]
	at org.testng.internal.invokers.TestMethodWorker.run(TestMethodWorker.java:128) ~[testng-7.11.0.jar:7.11.0]
	at java.base/java.util.ArrayList.forEach(ArrayList.java:1511) [?:?]
	at org.testng.TestRunner.privateRun(TestRunner.java:741) [testng-7.11.0.jar:7.11.0]
	at org.testng.TestRunner.run(TestRunner.java:616) [testng-7.11.0.jar:7.11.0]
	at org.testng.SuiteRunner.runTest(SuiteRunner.java:421) [testng-7.11.0.jar:7.11.0]
	at org.testng.SuiteRunner.runSequentially(SuiteRunner.java:413) [testng-7.11.0.jar:7.11.0]
	at org.testng.SuiteRunner.privateRun(SuiteRunner.java:373) [testng-7.11.0.jar:7.11.0]
	at org.testng.SuiteRunner.run(SuiteRunner.java:312) [testng-7.11.0.jar:7.11.0]
	at org.testng.SuiteRunnerWorker.runSuite(SuiteRunnerWorker.java:52) [testng-7.11.0.jar:7.11.0]
	at org.testng.SuiteRunnerWorker.run(SuiteRunnerWorker.java:95) [testng-7.11.0.jar:7.11.0]
	at org.testng.TestNG.runSuitesSequentially(TestNG.java:1274) [testng-7.11.0.jar:7.11.0]
	at org.testng.TestNG.runSuitesLocally(TestNG.java:1208) [testng-7.11.0.jar:7.11.0]
	at org.testng.TestNG.runSuites(TestNG.java:1112) [testng-7.11.0.jar:7.11.0]
	at org.testng.TestNG.run(TestNG.java:1079) [testng-7.11.0.jar:7.11.0]
	at org.apache.maven.surefire.testng.TestNGExecutor.run(TestNGExecutor.java:308) [surefire-testng-3.5.2.jar:3.5.2]
	at org.apache.maven.surefire.testng.TestNGXmlTestSuite.execute(TestNGXmlTestSuite.java:71) [surefire-testng-3.5.2.jar:3.5.2]
	at org.apache.maven.surefire.testng.TestNGProvider.invoke(TestNGProvider.java:113) [surefire-testng-3.5.2.jar:3.5.2]
	at org.apache.maven.surefire.booter.ForkedBooter.runSuitesInProcess(ForkedBooter.java:385) [surefire-booter-3.5.2.jar:3.5.2]
	at org.apache.maven.surefire.booter.ForkedBooter.execute(ForkedBooter.java:162) [surefire-booter-3.5.2.jar:3.5.2]
	at org.apache.maven.surefire.booter.ForkedBooter.run(ForkedBooter.java:507) [surefire-booter-3.5.2.jar:3.5.2]
	at org.apache.maven.surefire.booter.ForkedBooter.main(ForkedBooter.java:495) [surefire-booter-3.5.2.jar:3.5.2]
2025-03-15 06:35:01 [main] INFO  org.aspectj.weaver.Dump - Dumping to D:\Niraj\Work\Spring Boot UI API Automation\OrangeHRMSpringBootAutomation\.\ajcore.20250315.063501.344.txt
2025-03-15 06:35:01 [main] ERROR org.aspectj.weaver.loadtime.Aj - org/springframework/boot/jdbc/DataSourceBuilder$ComboPooledDataSourceProperties
org.aspectj.bridge.AbortException: trouble in: 
class org.springframework.boot.jdbc.DataSourceBuilder$ComboPooledDataSourceProperties extends org.springframework.boot.jdbc.DataSourceBuilder$MappedDataSourceProperties:
  void <init>():
                    ALOAD_0     // Lorg/springframework/boot/jdbc/DataSourceBuilder$ComboPooledDataSourceProperties; this   (line 679)
                    INVOKESPECIAL org.springframework.boot.jdbc.DataSourceBuilder$MappedDataSourceProperties.<init> ()V
    constructor-execution(void org.springframework.boot.jdbc.DataSourceBuilder$ComboPooledDataSourceProperties.<init>())
    |               ALOAD_0     // Lorg/springframework/boot/jdbc/DataSourceBuilder$ComboPooledDataSourceProperties; this   (line 680)
    |               GETSTATIC org.springframework.boot.jdbc.DataSourceBuilder$DataSourceProperty.URL Lorg/springframework/boot/jdbc/DataSourceBuilder$DataSourceProperty;
    |               INVOKEDYNAMIC #0.get ()Lorg/springframework/boot/jdbc/DataSourceBuilder$Getter;
    |               INVOKEDYNAMIC #1.set ()Lorg/springframework/boot/jdbc/DataSourceBuilder$Setter;
    |               INVOKEVIRTUAL org.springframework.boot.jdbc.DataSourceBuilder$ComboPooledDataSourceProperties.add (Lorg/springframework/boot/jdbc/DataSourceBuilder$DataSourceProperty;Lorg/springframework/boot/jdbc/DataSourceBuilder$Getter;Lorg/springframework/boot/jdbc/DataSourceBuilder$Setter;)V
    |               ALOAD_0     // Lorg/springframework/boot/jdbc/DataSourceBuilder$ComboPooledDataSourceProperties; this   (line 681)
    |               GETSTATIC org.springframework.boot.jdbc.DataSourceBuilder$DataSourceProperty.DRIVER_CLASS_NAME Lorg/springframework/boot/jdbc/DataSourceBuilder$DataSourceProperty;
    |               INVOKEDYNAMIC #2.get ()Lorg/springframework/boot/jdbc/DataSourceBuilder$Getter;
    |               ALOAD_0     // Lorg/springframework/boot/jdbc/DataSourceBuilder$ComboPooledDataSourceProperties; this
    |               INVOKEDYNAMIC #3.set (Lorg/springframework/boot/jdbc/DataSourceBuilder$ComboPooledDataSourceProperties;)Lorg/springframework/boot/jdbc/DataSourceBuilder$Setter;
    |               INVOKEVIRTUAL org.springframework.boot.jdbc.DataSourceBuilder$ComboPooledDataSourceProperties.add (Lorg/springframework/boot/jdbc/DataSourceBuilder$DataSourceProperty;Lorg/springframework/boot/jdbc/DataSourceBuilder$Getter;Lorg/springframework/boot/jdbc/DataSourceBuilder$Setter;)V
    |               ALOAD_0     // Lorg/springframework/boot/jdbc/DataSourceBuilder$ComboPooledDataSourceProperties; this   (line 682)
    |               GETSTATIC org.springframework.boot.jdbc.DataSourceBuilder$DataSourceProperty.USERNAME Lorg/springframework/boot/jdbc/DataSourceBuilder$DataSourceProperty;
    |               INVOKEDYNAMIC #4.get ()Lorg/springframework/boot/jdbc/DataSourceBuilder$Getter;
    |               INVOKEDYNAMIC #5.set ()Lorg/springframework/boot/jdbc/DataSourceBuilder$Setter;
    |               INVOKEVIRTUAL org.springframework.boot.jdbc.DataSourceBuilder$ComboPooledDataSourceProperties.add (Lorg/springframework/boot/jdbc/DataSourceBuilder$DataSourceProperty;Lorg/springframework/boot/jdbc/DataSourceBuilder$Getter;Lorg/springframework/boot/jdbc/DataSourceBuilder$Setter;)V
    |               ALOAD_0     // Lorg/springframework/boot/jdbc/DataSourceBuilder$ComboPooledDataSourceProperties; this   (line 683)
    |               GETSTATIC org.springframework.boot.jdbc.DataSourceBuilder$DataSourceProperty.PASSWORD Lorg/springframework/boot/jdbc/DataSourceBuilder$DataSourceProperty;
    |               INVOKEDYNAMIC #6.get ()Lorg/springframework/boot/jdbc/DataSourceBuilder$Getter;
    |               INVOKEDYNAMIC #7.set ()Lorg/springframework/boot/jdbc/DataSourceBuilder$Setter;
    |               INVOKEVIRTUAL org.springframework.boot.jdbc.DataSourceBuilder$ComboPooledDataSourceProperties.add (Lorg/springframework/boot/jdbc/DataSourceBuilder$DataSourceProperty;Lorg/springframework/boot/jdbc/DataSourceBuilder$Getter;Lorg/springframework/boot/jdbc/DataSourceBuilder$Setter;)V
    |               RETURN   (line 684)
    constructor-execution(void org.springframework.boot.jdbc.DataSourceBuilder$ComboPooledDataSourceProperties.<init>())
  end void <init>()

  private void setDriverClass(com.mchange.v2.c3p0.ComboPooledDataSource, String):
    catch java.beans.PropertyVetoException -> E0
    |               ALOAD_1     // Lcom/mchange/v2/c3p0/ComboPooledDataSource; dataSource   (line 688)
    |               ALOAD_2     // Ljava/lang/String; driverClass
    |               INVOKEVIRTUAL com.mchange.v2.c3p0.ComboPooledDataSource.setDriverClass (Ljava/lang/String;)V
    catch java.beans.PropertyVetoException -> E0
                    GOTO L0   (line 692)
                E0: ASTORE_3   (line 690)
                    NEW java.lang.IllegalArgumentException   (line 691)
                    DUP
                    ALOAD_3     // Ljava/beans/PropertyVetoException; ex
                    INVOKESPECIAL java.lang.IllegalArgumentException.<init> (Ljava/lang/Throwable;)V
                    ATHROW
                L0: RETURN   (line 693)
  end private void setDriverClass(com.mchange.v2.c3p0.ComboPooledDataSource, String)

end class org.springframework.boot.jdbc.DataSourceBuilder$ComboPooledDataSourceProperties

	at org.aspectj.bridge.MessageWriter.handleMessage(MessageWriter.java:47) ~[aspectjweaver-1.9.20.1.jar:?]
	at org.aspectj.weaver.tools.WeavingAdaptor$WeavingAdaptorMessageWriter.handleMessage(WeavingAdaptor.java:817) ~[aspectjweaver-1.9.20.1.jar:?]
	at org.aspectj.weaver.tools.WeavingAdaptor$WeavingAdaptorMessageHolder.handleMessage(WeavingAdaptor.java:762) ~[aspectjweaver-1.9.20.1.jar:?]
	at org.aspectj.weaver.bcel.BcelWeaver.weave(BcelWeaver.java:1732) ~[aspectjweaver-1.9.20.1.jar:?]
	at org.aspectj.weaver.bcel.BcelWeaver.weaveWithoutDump(BcelWeaver.java:1650) ~[aspectjweaver-1.9.20.1.jar:?]
	at org.aspectj.weaver.bcel.BcelWeaver.weaveAndNotify(BcelWeaver.java:1417) ~[aspectjweaver-1.9.20.1.jar:?]
	at org.aspectj.weaver.bcel.BcelWeaver.weave(BcelWeaver.java:1192) ~[aspectjweaver-1.9.20.1.jar:?]
	at org.aspectj.weaver.tools.WeavingAdaptor.getWovenBytes(WeavingAdaptor.java:549) ~[aspectjweaver-1.9.20.1.jar:?]
	at org.aspectj.weaver.tools.WeavingAdaptor.weaveClass(WeavingAdaptor.java:385) ~[aspectjweaver-1.9.20.1.jar:?]
	at org.aspectj.weaver.loadtime.Aj.preProcess(Aj.java:116) ~[aspectjweaver-1.9.20.1.jar:?]
	at org.aspectj.weaver.loadtime.ClassPreProcessorAgentAdapter.transform(ClassPreProcessorAgentAdapter.java:51) ~[aspectjweaver-1.9.20.1.jar:?]
	at java.instrument/java.lang.instrument.ClassFileTransformer.transform(ClassFileTransformer.java:244) ~[?:?]
	at java.instrument/sun.instrument.TransformerManager.transform(TransformerManager.java:188) ~[?:?]
	at java.instrument/sun.instrument.InstrumentationImpl.transform(InstrumentationImpl.java:541) ~[?:?]
	at java.base/java.lang.ClassLoader.defineClass1(Native Method) ~[?:?]
	at java.base/java.lang.ClassLoader.defineClass(ClassLoader.java:1017) ~[?:?]
	at java.base/java.security.SecureClassLoader.defineClass(SecureClassLoader.java:150) ~[?:?]
	at java.base/jdk.internal.loader.BuiltinClassLoader.defineClass(BuiltinClassLoader.java:862) ~[?:?]
	at java.base/jdk.internal.loader.BuiltinClassLoader.findClassOnClassPathOrNull(BuiltinClassLoader.java:760) ~[?:?]
	at java.base/jdk.internal.loader.BuiltinClassLoader.loadClassOrNull(BuiltinClassLoader.java:681) ~[?:?]
	at java.base/jdk.internal.loader.BuiltinClassLoader.loadClass(BuiltinClassLoader.java:639) ~[?:?]
	at java.base/jdk.internal.loader.ClassLoaders$AppClassLoader.loadClass(ClassLoaders.java:188) ~[?:?]
	at java.base/java.lang.ClassLoader.loadClass(ClassLoader.java:525) ~[?:?]
	at org.springframework.boot.jdbc.DataSourceBuilder$MappedDataSourceProperties.lookupPooled(DataSourceBuilder.java:413) ~[spring-boot-3.4.3.jar:3.4.3]
	at org.springframework.boot.jdbc.DataSourceBuilder$MappedDataSourceProperties.forType(DataSourceBuilder.java:395) ~[spring-boot-3.4.3.jar:3.4.3]
	at org.springframework.boot.jdbc.DataSourceBuilder.findType(DataSourceBuilder.java:267) ~[spring-boot-3.4.3.jar:3.4.3]
	at org.springframework.boot.autoconfigure.jdbc.DataSourceAutoConfiguration$PooledDataSourceAvailableCondition.getMatchOutcome(DataSourceAutoConfiguration.java:118) ~[spring-boot-autoconfigure-3.4.3.jar:3.4.3]
	at org.springframework.boot.autoconfigure.condition.AbstractNestedCondition$MemberOutcomes.getConditionOutcome(AbstractNestedCondition.java:195) ~[spring-boot-autoconfigure-3.4.3.jar:3.4.3]
	at org.springframework.boot.autoconfigure.condition.AbstractNestedCondition$MemberOutcomes.<init>(AbstractNestedCondition.java:189) ~[spring-boot-autoconfigure-3.4.3.jar:3.4.3]
	at org.springframework.boot.autoconfigure.condition.AbstractNestedCondition$MemberConditions.lambda$getMatchOutcomes$0(AbstractNestedCondition.java:169) ~[spring-boot-autoconfigure-3.4.3.jar:3.4.3]
	at java.base/java.util.LinkedHashMap.forEach(LinkedHashMap.java:721) ~[?:?]
	at org.springframework.util.MultiValueMapAdapter.forEach(MultiValueMapAdapter.java:179) ~[spring-core-6.2.3.jar:6.2.3]
	at java.base/java.util.Collections$UnmodifiableMap.forEach(Collections.java:1553) ~[?:?]
	at org.springframework.boot.autoconfigure.condition.AbstractNestedCondition$MemberConditions.getMatchOutcomes(AbstractNestedCondition.java:169) ~[spring-boot-autoconfigure-3.4.3.jar:3.4.3]
	at org.springframework.boot.autoconfigure.condition.AbstractNestedCondition$MemberMatchOutcomes.<init>(AbstractNestedCondition.java:78) ~[spring-boot-autoconfigure-3.4.3.jar:3.4.3]
	at org.springframework.boot.autoconfigure.condition.AbstractNestedCondition.getMatchOutcome(AbstractNestedCondition.java:63) ~[spring-boot-autoconfigure-3.4.3.jar:3.4.3]
	at org.springframework.boot.autoconfigure.condition.SpringBootCondition.matches(SpringBootCondition.java:47) ~[spring-boot-autoconfigure-3.4.3.jar:3.4.3]
	at org.springframework.context.annotation.ConditionEvaluator.shouldSkip(ConditionEvaluator.java:99) ~[spring-context-6.2.3.jar:6.2.3]
	at org.springframework.context.annotation.ConfigurationClassParser.processConfigurationClass(ConfigurationClassParser.java:233) ~[spring-context-6.2.3.jar:6.2.3]
	at org.springframework.context.annotation.ConfigurationClassParser.processMemberClasses(ConfigurationClassParser.java:413) ~[spring-context-6.2.3.jar:6.2.3]
	at org.springframework.context.annotation.ConfigurationClassParser.doProcessConfigurationClass(ConfigurationClassParser.java:294) ~[spring-context-6.2.3.jar:6.2.3]
	at org.springframework.context.annotation.ConfigurationClassParser.processConfigurationClass(ConfigurationClassParser.java:267) ~[spring-context-6.2.3.jar:6.2.3]
	at org.springframework.context.annotation.ConfigurationClassParser.processImports(ConfigurationClassParser.java:603) ~[spring-context-6.2.3.jar:6.2.3]
	at org.springframework.context.annotation.ConfigurationClassParser$DeferredImportSelectorGroupingHandler.lambda$processGroupImports$1(ConfigurationClassParser.java:836) ~[spring-context-6.2.3.jar:6.2.3]
	at java.base/java.lang.Iterable.forEach(Iterable.java:75) ~[?:?]
	at org.springframework.context.annotation.ConfigurationClassParser$DeferredImportSelectorGroupingHandler.processGroupImports(ConfigurationClassParser.java:833) ~[spring-context-6.2.3.jar:6.2.3]
	at org.springframework.context.annotation.ConfigurationClassParser$DeferredImportSelectorHandler.process(ConfigurationClassParser.java:803) ~[spring-context-6.2.3.jar:6.2.3]
	at org.springframework.context.annotation.ConfigurationClassParser.parse(ConfigurationClassParser.java:189) ~[spring-context-6.2.3.jar:6.2.3]
	at org.springframework.context.annotation.ConfigurationClassPostProcessor.processConfigBeanDefinitions(ConfigurationClassPostProcessor.java:418) ~[spring-context-6.2.3.jar:6.2.3]
	at org.springframework.context.annotation.ConfigurationClassPostProcessor.postProcessBeanDefinitionRegistry(ConfigurationClassPostProcessor.java:290) ~[spring-context-6.2.3.jar:6.2.3]
	at org.springframework.context.support.PostProcessorRegistrationDelegate.invokeBeanDefinitionRegistryPostProcessors(PostProcessorRegistrationDelegate.java:349) ~[spring-context-6.2.3.jar:6.2.3]
	at org.springframework.context.support.PostProcessorRegistrationDelegate.invokeBeanFactoryPostProcessors(PostProcessorRegistrationDelegate.java:118) ~[spring-context-6.2.3.jar:6.2.3]
	at org.springframework.context.support.AbstractApplicationContext.invokeBeanFactoryPostProcessors(AbstractApplicationContext.java:791) ~[spring-context-6.2.3.jar:6.2.3]
	at org.springframework.context.support.AbstractApplicationContext.refresh(AbstractApplicationContext.java:609) ~[spring-context-6.2.3.jar:6.2.3]
	at org.springframework.boot.SpringApplication.refresh(SpringApplication.java:752) ~[spring-boot-3.4.3.jar:3.4.3]
	at org.springframework.boot.SpringApplication.refreshContext(SpringApplication.java:439) ~[spring-boot-3.4.3.jar:3.4.3]
	at org.springframework.boot.SpringApplication.run(SpringApplication.java:318) ~[spring-boot-3.4.3.jar:3.4.3]
	at org.springframework.boot.test.context.SpringBootContextLoader.lambda$loadContext$3(SpringBootContextLoader.java:137) ~[spring-boot-test-3.4.3.jar:3.4.3]
	at org.springframework.util.function.ThrowingSupplier.get(ThrowingSupplier.java:58) ~[spring-core-6.2.3.jar:6.2.3]
	at org.springframework.util.function.ThrowingSupplier.get(ThrowingSupplier.java:46) ~[spring-core-6.2.3.jar:6.2.3]
	at org.springframework.boot.SpringApplication.withHook(SpringApplication.java:1461) ~[spring-boot-3.4.3.jar:3.4.3]
	at org.springframework.boot.test.context.SpringBootContextLoader$ContextLoaderHook.run(SpringBootContextLoader.java:553) ~[spring-boot-test-3.4.3.jar:3.4.3]
	at org.springframework.boot.test.context.SpringBootContextLoader.loadContext(SpringBootContextLoader.java:137) ~[spring-boot-test-3.4.3.jar:3.4.3]
	at org.springframework.boot.test.context.SpringBootContextLoader.loadContext(SpringBootContextLoader.java:108) ~[spring-boot-test-3.4.3.jar:3.4.3]
	at org.springframework.test.context.cache.DefaultCacheAwareContextLoaderDelegate.loadContextInternal(DefaultCacheAwareContextLoaderDelegate.java:225) ~[spring-test-6.2.3.jar:6.2.3]
	at org.springframework.test.context.cache.DefaultCacheAwareContextLoaderDelegate.loadContext(DefaultCacheAwareContextLoaderDelegate.java:152) ~[spring-test-6.2.3.jar:6.2.3]
	at org.springframework.test.context.support.DefaultTestContext.getApplicationContext(DefaultTestContext.java:130) ~[spring-test-6.2.3.jar:6.2.3]
	at org.springframework.test.context.support.DependencyInjectionTestExecutionListener.injectDependencies(DependencyInjectionTestExecutionListener.java:155) ~[spring-test-6.2.3.jar:6.2.3]
	at org.springframework.test.context.support.DependencyInjectionTestExecutionListener.prepareTestInstance(DependencyInjectionTestExecutionListener.java:111) ~[spring-test-6.2.3.jar:6.2.3]
	at org.springframework.test.context.TestContextManager.prepareTestInstance(TestContextManager.java:260) ~[spring-test-6.2.3.jar:6.2.3]
	at org.springframework.test.context.testng.AbstractTestNGSpringContextTests.springTestContextPrepareTestInstance(AbstractTestNGSpringContextTests.java:119) ~[spring-test-6.2.3.jar:6.2.3]
	at java.base/jdk.internal.reflect.NativeMethodAccessorImpl.invoke0(Native Method) ~[?:?]
	at java.base/jdk.internal.reflect.NativeMethodAccessorImpl.invoke(NativeMethodAccessorImpl.java:77) ~[?:?]
	at java.base/jdk.internal.reflect.DelegatingMethodAccessorImpl.invoke(DelegatingMethodAccessorImpl.java:43) ~[?:?]
	at java.base/java.lang.reflect.Method.invoke(Method.java:569) ~[?:?]
	at org.testng.internal.invokers.MethodInvocationHelper.invokeMethod(MethodInvocationHelper.java:141) ~[testng-7.11.0.jar:7.11.0]
	at org.testng.internal.invokers.MethodInvocationHelper.invokeMethodConsideringTimeout(MethodInvocationHelper.java:71) ~[testng-7.11.0.jar:7.11.0]
	at org.testng.internal.invokers.ConfigInvoker.invokeConfigurationMethod(ConfigInvoker.java:400) ~[testng-7.11.0.jar:7.11.0]
	at org.testng.internal.invokers.ConfigInvoker.invokeConfigurations(ConfigInvoker.java:333) ~[testng-7.11.0.jar:7.11.0]
	at org.testng.internal.invokers.TestMethodWorker.invokeBeforeClassMethods(TestMethodWorker.java:188) ~[testng-7.11.0.jar:7.11.0]
	at org.testng.internal.invokers.TestMethodWorker.run(TestMethodWorker.java:128) ~[testng-7.11.0.jar:7.11.0]
	at java.base/java.util.ArrayList.forEach(ArrayList.java:1511) [?:?]
	at org.testng.TestRunner.privateRun(TestRunner.java:741) [testng-7.11.0.jar:7.11.0]
	at org.testng.TestRunner.run(TestRunner.java:616) [testng-7.11.0.jar:7.11.0]
	at org.testng.SuiteRunner.runTest(SuiteRunner.java:421) [testng-7.11.0.jar:7.11.0]
	at org.testng.SuiteRunner.runSequentially(SuiteRunner.java:413) [testng-7.11.0.jar:7.11.0]
	at org.testng.SuiteRunner.privateRun(SuiteRunner.java:373) [testng-7.11.0.jar:7.11.0]
	at org.testng.SuiteRunner.run(SuiteRunner.java:312) [testng-7.11.0.jar:7.11.0]
	at org.testng.SuiteRunnerWorker.runSuite(SuiteRunnerWorker.java:52) [testng-7.11.0.jar:7.11.0]
	at org.testng.SuiteRunnerWorker.run(SuiteRunnerWorker.java:95) [testng-7.11.0.jar:7.11.0]
	at org.testng.TestNG.runSuitesSequentially(TestNG.java:1274) [testng-7.11.0.jar:7.11.0]
	at org.testng.TestNG.runSuitesLocally(TestNG.java:1208) [testng-7.11.0.jar:7.11.0]
	at org.testng.TestNG.runSuites(TestNG.java:1112) [testng-7.11.0.jar:7.11.0]
	at org.testng.TestNG.run(TestNG.java:1079) [testng-7.11.0.jar:7.11.0]
	at org.apache.maven.surefire.testng.TestNGExecutor.run(TestNGExecutor.java:308) [surefire-testng-3.5.2.jar:3.5.2]
	at org.apache.maven.surefire.testng.TestNGXmlTestSuite.execute(TestNGXmlTestSuite.java:71) [surefire-testng-3.5.2.jar:3.5.2]
	at org.apache.maven.surefire.testng.TestNGProvider.invoke(TestNGProvider.java:113) [surefire-testng-3.5.2.jar:3.5.2]
	at org.apache.maven.surefire.booter.ForkedBooter.runSuitesInProcess(ForkedBooter.java:385) [surefire-booter-3.5.2.jar:3.5.2]
	at org.apache.maven.surefire.booter.ForkedBooter.execute(ForkedBooter.java:162) [surefire-booter-3.5.2.jar:3.5.2]
	at org.apache.maven.surefire.booter.ForkedBooter.run(ForkedBooter.java:507) [surefire-booter-3.5.2.jar:3.5.2]
	at org.apache.maven.surefire.booter.ForkedBooter.main(ForkedBooter.java:495) [surefire-booter-3.5.2.jar:3.5.2]
2025-03-15 06:35:01 [main] INFO  org.aspectj.weaver.Dump - Dumping to D:\Niraj\Work\Spring Boot UI API Automation\OrangeHRMSpringBootAutomation\.\ajcore.20250315.063501.552.txt
2025-03-15 06:35:01 [main] INFO  org.aspectj.weaver.Dump - Dumping to D:\Niraj\Work\Spring Boot UI API Automation\OrangeHRMSpringBootAutomation\.\ajcore.20250315.063501.603.txt
2025-03-15 06:35:03 [main] INFO  org.springframework.data.repository.config.RepositoryConfigurationDelegate - Bootstrapping Spring Data JPA repositories in DEFAULT mode.
2025-03-15 06:35:04 [main] INFO  org.springframework.data.repository.config.RepositoryConfigurationDelegate - Finished Spring Data repository scanning in 176 ms. Found 0 JPA repository interfaces.
2025-03-15 06:36:10 [main] INFO  com.zaxxer.hikari.HikariDataSource - HikariPool-1 - Starting...
2025-03-15 06:36:13 [main] INFO  com.zaxxer.hikari.pool.HikariPool - HikariPool-1 - Added connection conn0: url=jdbc:h2:mem:af91b76f-e356-40ee-bf27-92e7239aae2f user=SA
2025-03-15 06:36:13 [main] INFO  com.zaxxer.hikari.HikariDataSource - HikariPool-1 - Start completed.
2025-03-15 06:36:13 [main] INFO  org.hibernate.jpa.internal.util.LogHelper - HHH000204: Processing PersistenceUnitInfo [name: default]
2025-03-15 06:36:14 [main] INFO  org.hibernate.Version - HHH000412: Hibernate ORM core version 6.6.8.Final
2025-03-15 06:36:14 [main] INFO  org.hibernate.cache.internal.RegionFactoryInitiator - HHH000026: Second-level cache disabled
2025-03-15 06:36:18 [main] INFO  org.springframework.orm.jpa.persistenceunit.SpringPersistenceUnitInfo - No LoadTimeWeaver setup: ignoring JPA class transformer
2025-03-15 06:36:19 [main] INFO  org.hibernate.orm.connections.pooling - HHH10001005: Database info:
	Database JDBC URL [Connecting through datasource 'HikariDataSource (HikariPool-1)']
	Database driver: undefined/unknown
	Database version: 2.3.232
	Autocommit mode: undefined/unknown
	Isolation level: undefined/unknown
	Minimum pool size: undefined/unknown
	Maximum pool size: undefined/unknown
2025-03-15 06:36:24 [main] INFO  org.hibernate.engine.transaction.jta.platform.internal.JtaPlatformInitiator - HHH000489: No JTA platform available (set 'hibernate.transaction.jta.platform' to enable JTA platform integration)
2025-03-15 06:36:24 [main] INFO  org.springframework.orm.jpa.LocalContainerEntityManagerFactoryBean - Initialized JPA EntityManagerFactory for persistence unit 'default'
2025-03-15 06:36:26 [main] INFO  io.github.bonigarcia.wdm.WebDriverManager - Using chromedriver 134.0.6998.88 (resolved driver for Chrome 134)
2025-03-15 06:36:26 [main] INFO  io.github.bonigarcia.wdm.WebDriverManager - Exporting webdriver.chrome.driver as C:\Users\niraj\.cache\selenium\chromedriver\win64\134.0.6998.88\chromedriver.exe
2025-03-15 06:36:29 [main] WARN  org.openqa.selenium.devtools.CdpVersionFinder - Unable to find an exact match for CDP version 134, returning the closest version; found: 132; Please update to a Selenium version that supports CDP version 134
2025-03-15 06:36:33 [main] INFO  com.sb.auto.OrangeHRMSpringBootAutomation.qa.RegisterTest - Started RegisterTest in 97.013 seconds (process running for 118.993)
2025-03-15 06:36:33 [main] WARN  org.springframework.test.context.TestContextManager - Caught exception while allowing TestExecutionListener [org.springframework.test.context.support.DependencyInjectionTestExecutionListener] to prepare test instance [com.sb.auto.OrangeHRMSpringBootAutomation.qa.RegisterTest@1c31de5d]
org.springframework.beans.factory.BeanCreationException: Error creating bean with name 'com.sb.auto.OrangeHRMSpringBootAutomation.qa.RegisterTest': Injection of autowired dependencies failed
	at org.springframework.beans.factory.annotation.AutowiredAnnotationBeanPostProcessor.postProcessProperties(AutowiredAnnotationBeanPostProcessor.java:515) ~[spring-beans-6.2.3.jar:6.2.3]
	at org.springframework.beans.factory.support.AbstractAutowireCapableBeanFactory.populateBean(AbstractAutowireCapableBeanFactory.java:1445) ~[spring-beans-6.2.3.jar:6.2.3]
	at org.springframework.beans.factory.support.AbstractAutowireCapableBeanFactory.autowireBeanProperties(AbstractAutowireCapableBeanFactory.java:399) ~[spring-beans-6.2.3.jar:6.2.3]
	at org.springframework.test.context.support.DependencyInjectionTestExecutionListener.injectDependencies(DependencyInjectionTestExecutionListener.java:156) ~[spring-test-6.2.3.jar:6.2.3]
	at org.springframework.test.context.support.DependencyInjectionTestExecutionListener.prepareTestInstance(DependencyInjectionTestExecutionListener.java:111) ~[spring-test-6.2.3.jar:6.2.3]
	at org.springframework.test.context.TestContextManager.prepareTestInstance(TestContextManager.java:260) ~[spring-test-6.2.3.jar:6.2.3]
	at org.springframework.test.context.testng.AbstractTestNGSpringContextTests.springTestContextPrepareTestInstance(AbstractTestNGSpringContextTests.java:119) ~[spring-test-6.2.3.jar:6.2.3]
	at java.base/jdk.internal.reflect.NativeMethodAccessorImpl.invoke0(Native Method) ~[?:?]
	at java.base/jdk.internal.reflect.NativeMethodAccessorImpl.invoke(NativeMethodAccessorImpl.java:77) ~[?:?]
	at java.base/jdk.internal.reflect.DelegatingMethodAccessorImpl.invoke(DelegatingMethodAccessorImpl.java:43) ~[?:?]
	at java.base/java.lang.reflect.Method.invoke(Method.java:569) ~[?:?]
	at org.testng.internal.invokers.MethodInvocationHelper.invokeMethod(MethodInvocationHelper.java:141) ~[testng-7.11.0.jar:7.11.0]
	at org.testng.internal.invokers.MethodInvocationHelper.invokeMethodConsideringTimeout(MethodInvocationHelper.java:71) ~[testng-7.11.0.jar:7.11.0]
	at org.testng.internal.invokers.ConfigInvoker.invokeConfigurationMethod(ConfigInvoker.java:400) ~[testng-7.11.0.jar:7.11.0]
	at org.testng.internal.invokers.ConfigInvoker.invokeConfigurations(ConfigInvoker.java:333) ~[testng-7.11.0.jar:7.11.0]
	at org.testng.internal.invokers.TestMethodWorker.invokeBeforeClassMethods(TestMethodWorker.java:188) ~[testng-7.11.0.jar:7.11.0]
	at org.testng.internal.invokers.TestMethodWorker.run(TestMethodWorker.java:128) ~[testng-7.11.0.jar:7.11.0]
	at java.base/java.util.ArrayList.forEach(ArrayList.java:1511) [?:?]
	at org.testng.TestRunner.privateRun(TestRunner.java:741) [testng-7.11.0.jar:7.11.0]
	at org.testng.TestRunner.run(TestRunner.java:616) [testng-7.11.0.jar:7.11.0]
	at org.testng.SuiteRunner.runTest(SuiteRunner.java:421) [testng-7.11.0.jar:7.11.0]
	at org.testng.SuiteRunner.runSequentially(SuiteRunner.java:413) [testng-7.11.0.jar:7.11.0]
	at org.testng.SuiteRunner.privateRun(SuiteRunner.java:373) [testng-7.11.0.jar:7.11.0]
	at org.testng.SuiteRunner.run(SuiteRunner.java:312) [testng-7.11.0.jar:7.11.0]
	at org.testng.SuiteRunnerWorker.runSuite(SuiteRunnerWorker.java:52) [testng-7.11.0.jar:7.11.0]
	at org.testng.SuiteRunnerWorker.run(SuiteRunnerWorker.java:95) [testng-7.11.0.jar:7.11.0]
	at org.testng.TestNG.runSuitesSequentially(TestNG.java:1274) [testng-7.11.0.jar:7.11.0]
	at org.testng.TestNG.runSuitesLocally(TestNG.java:1208) [testng-7.11.0.jar:7.11.0]
	at org.testng.TestNG.runSuites(TestNG.java:1112) [testng-7.11.0.jar:7.11.0]
	at org.testng.TestNG.run(TestNG.java:1079) [testng-7.11.0.jar:7.11.0]
	at org.apache.maven.surefire.testng.TestNGExecutor.run(TestNGExecutor.java:308) [surefire-testng-3.5.2.jar:3.5.2]
	at org.apache.maven.surefire.testng.TestNGXmlTestSuite.execute(TestNGXmlTestSuite.java:71) [surefire-testng-3.5.2.jar:3.5.2]
	at org.apache.maven.surefire.testng.TestNGProvider.invoke(TestNGProvider.java:113) [surefire-testng-3.5.2.jar:3.5.2]
	at org.apache.maven.surefire.booter.ForkedBooter.runSuitesInProcess(ForkedBooter.java:385) [surefire-booter-3.5.2.jar:3.5.2]
	at org.apache.maven.surefire.booter.ForkedBooter.execute(ForkedBooter.java:162) [surefire-booter-3.5.2.jar:3.5.2]
	at org.apache.maven.surefire.booter.ForkedBooter.run(ForkedBooter.java:507) [surefire-booter-3.5.2.jar:3.5.2]
	at org.apache.maven.surefire.booter.ForkedBooter.main(ForkedBooter.java:495) [surefire-booter-3.5.2.jar:3.5.2]
Caused by: org.springframework.util.PlaceholderResolutionException: Could not resolve placeholder 'log.level' in value "${log.level}"
	at org.springframework.util.PlaceholderResolutionException.withValue(PlaceholderResolutionException.java:81) ~[spring-core-6.2.3.jar:6.2.3]
	at org.springframework.util.PlaceholderParser$ParsedValue.resolve(PlaceholderParser.java:423) ~[spring-core-6.2.3.jar:6.2.3]
	at org.springframework.util.PlaceholderParser.replacePlaceholders(PlaceholderParser.java:128) ~[spring-core-6.2.3.jar:6.2.3]
	at org.springframework.util.PropertyPlaceholderHelper.parseStringValue(PropertyPlaceholderHelper.java:118) ~[spring-core-6.2.3.jar:6.2.3]
	at org.springframework.util.PropertyPlaceholderHelper.replacePlaceholders(PropertyPlaceholderHelper.java:114) ~[spring-core-6.2.3.jar:6.2.3]
	at org.springframework.core.env.AbstractPropertyResolver.doResolvePlaceholders(AbstractPropertyResolver.java:255) ~[spring-core-6.2.3.jar:6.2.3]
	at org.springframework.core.env.AbstractPropertyResolver.resolveRequiredPlaceholders(AbstractPropertyResolver.java:226) ~[spring-core-6.2.3.jar:6.2.3]
	at org.springframework.context.support.PropertySourcesPlaceholderConfigurer.lambda$processProperties$0(PropertySourcesPlaceholderConfigurer.java:201) ~[spring-context-6.2.3.jar:6.2.3]
	at org.springframework.beans.factory.support.AbstractBeanFactory.resolveEmbeddedValue(AbstractBeanFactory.java:971) ~[spring-beans-6.2.3.jar:6.2.3]
	at org.springframework.beans.factory.support.DefaultListableBeanFactory.doResolveDependency(DefaultListableBeanFactory.java:1574) ~[spring-beans-6.2.3.jar:6.2.3]
	at org.springframework.beans.factory.support.DefaultListableBeanFactory.resolveDependency(DefaultListableBeanFactory.java:1552) ~[spring-beans-6.2.3.jar:6.2.3]
	at org.springframework.beans.factory.annotation.AutowiredAnnotationBeanPostProcessor$AutowiredFieldElement.resolveFieldValue(AutowiredAnnotationBeanPostProcessor.java:785) ~[spring-beans-6.2.3.jar:6.2.3]
	at org.springframework.beans.factory.annotation.AutowiredAnnotationBeanPostProcessor$AutowiredFieldElement.inject(AutowiredAnnotationBeanPostProcessor.java:768) ~[spring-beans-6.2.3.jar:6.2.3]
	at org.springframework.beans.factory.annotation.InjectionMetadata.inject(InjectionMetadata.java:146) ~[spring-beans-6.2.3.jar:6.2.3]
	at org.springframework.beans.factory.annotation.AutowiredAnnotationBeanPostProcessor.postProcessProperties(AutowiredAnnotationBeanPostProcessor.java:509) ~[spring-beans-6.2.3.jar:6.2.3]
	... 36 more
2025-03-15 06:36:39 [SpringApplicationShutdownHook] INFO  org.springframework.orm.jpa.LocalContainerEntityManagerFactoryBean - Closing JPA EntityManagerFactory for persistence unit 'default'
2025-03-15 06:36:39 [SpringApplicationShutdownHook] INFO  com.zaxxer.hikari.HikariDataSource - HikariPool-1 - Shutdown initiated...
2025-03-15 06:36:39 [SpringApplicationShutdownHook] INFO  com.zaxxer.hikari.HikariDataSource - HikariPool-1 - Shutdown completed.
